Using pre-set license
Built from '2020.3/release' branch; Version is '2020.3.15f2 (6cf78cb77498) revision 7141260'; Using compiler version '192528614'; Build Type 'Release'
OS: 'Windows 10 Pro; OS build 19043.1165; Version 2009; 64bit' Language: 'es' Physical Memory: 16321 MB
BatchMode: 1, IsHumanControllingUs: 0, StartBugReporterOnCrash: 0, Is64bit: 1, IsPro: 0

 COMMAND LINE ARGUMENTS:
C:\Program Files\Unity\2020.3.15f2\Editor\Unity.exe
-adb2
-batchMode
-noUpm
-name
AssetImportWorker0
-projectPath
D:/2021/Agosto/IdiomaPlusDevTest
-logFile
Logs/AssetImportWorker0.log
-srvPort
54782
Successfully changed project path to: D:/2021/Agosto/IdiomaPlusDevTest
D:/2021/Agosto/IdiomaPlusDevTest
Using Asset Import Pipeline V2.
Refreshing native plugins compatible for Editor in 105.31 ms, found 2 plugins.
Preloading 0 native plugins for Editor in 0.00 ms.
Initialize engine version: 2020.3.15f2 (6cf78cb77498)
[Subsystems] Discovering subsystems at path C:/Program Files/Unity/2020.3.15f2/Editor/Data/Resources/UnitySubsystems
[Subsystems] Discovering subsystems at path D:/2021/Agosto/IdiomaPlusDevTest/Assets
GfxDevice: creating device client; threaded=0
Direct3D:
    Version:  Direct3D 11.0 [level 11.0]
    Renderer: NVIDIA Quadro 5000 (ID=0x6d9)
    Vendor:   
    VRAM:     2509 MB
    Driver:   21.21.13.7783
Shader 'Universal Render Pipeline/Particles/Lit': fallback shader 'Universal Render Pipeline/Particles/SimpleLit' not found
Initialize mono
Mono path[0] = 'C:/Program Files/Unity/2020.3.15f2/Editor/Data/Managed'
Mono path[1] = 'C:/Program Files/Unity/2020.3.15f2/Editor/Data/MonoBleedingEdge/lib/mono/unityjit'
Mono config path = 'C:/Program Files/Unity/2020.3.15f2/Editor/Data/MonoBleedingEdge/etc'
Using monoOptions --debugger-agent=transport=dt_socket,embedding=1,server=y,suspend=n,address=127.0.0.1:56784
Begin MonoManager ReloadAssembly
Registering precompiled unity dll's ...
Register platform support module: C:/Program Files/Unity/2020.3.15f2/Editor/Data/PlaybackEngines/WebGLSupport/UnityEditor.WebGL.Extensions.dll
Register platform support module: C:/Program Files/Unity/2020.3.15f2/Editor/Data/PlaybackEngines/WindowsStandaloneSupport/UnityEditor.WindowsStandalone.Extensions.dll
Registered in 0.002062 seconds.
Native extension for WindowsStandalone target not found
Native extension for WebGL target not found
Refreshing native plugins compatible for Editor in 98.84 ms, found 2 plugins.
Preloading 0 native plugins for Editor in 0.00 ms.
Mono: successfully reloaded assembly
- Completed reload, in  1.902 seconds
Domain Reload Profiling:
	ReloadAssembly (1902ms)
		BeginReloadAssembly (57ms)
			ExecutionOrderSort (0ms)
			DisableScriptedObjects (0ms)
			BackupInstance (0ms)
			ReleaseScriptingObjects (0ms)
			CreateAndSetChildDomain (1ms)
		EndReloadAssembly (475ms)
			LoadAssemblies (53ms)
			RebuildTransferFunctionScriptingTraits (0ms)
			SetupTypeCache (153ms)
			ReleaseScriptCaches (0ms)
			RebuildScriptCaches (28ms)
			SetupLoadedEditorAssemblies (220ms)
				LogAssemblyErrors (0ms)
				InitializePlatformSupportModulesInManaged (5ms)
				SetLoadedEditorAssemblies (0ms)
				RefreshPlugins (99ms)
				BeforeProcessingInitializeOnLoad (15ms)
				ProcessInitializeOnLoadAttributes (76ms)
				ProcessInitializeOnLoadMethodAttributes (23ms)
				AfterProcessingInitializeOnLoad (0ms)
				EditorAssembliesLoaded (0ms)
			ExecutionOrderSort2 (0ms)
			AwakeInstancesAfterBackupRestoration (0ms)
Platform modules already initialized, skipping
Registering precompiled user dll's ...
Registered in 0.003880 seconds.
Begin MonoManager ReloadAssembly
Native extension for WindowsStandalone target not found
Native extension for WebGL target not found
Refreshing native plugins compatible for Editor in 91.60 ms, found 2 plugins.
Preloading 0 native plugins for Editor in 0.00 ms.
Mono: successfully reloaded assembly
- Completed reload, in  1.811 seconds
Domain Reload Profiling:
	ReloadAssembly (1812ms)
		BeginReloadAssembly (148ms)
			ExecutionOrderSort (0ms)
			DisableScriptedObjects (4ms)
			BackupInstance (0ms)
			ReleaseScriptingObjects (0ms)
			CreateAndSetChildDomain (19ms)
		EndReloadAssembly (1599ms)
			LoadAssemblies (91ms)
			RebuildTransferFunctionScriptingTraits (0ms)
			SetupTypeCache (341ms)
			ReleaseScriptCaches (1ms)
			RebuildScriptCaches (56ms)
			SetupLoadedEditorAssemblies (976ms)
				LogAssemblyErrors (0ms)
				InitializePlatformSupportModulesInManaged (5ms)
				SetLoadedEditorAssemblies (0ms)
				RefreshPlugins (92ms)
				BeforeProcessingInitializeOnLoad (89ms)
				ProcessInitializeOnLoadAttributes (782ms)
				ProcessInitializeOnLoadMethodAttributes (4ms)
				AfterProcessingInitializeOnLoad (6ms)
				EditorAssembliesLoaded (0ms)
			ExecutionOrderSort2 (0ms)
			AwakeInstancesAfterBackupRestoration (6ms)
Platform modules already initialized, skipping
========================================================================
Worker process is ready to serve import requests
Shader 'Universal Render Pipeline/Particles/Lit': fallback shader 'Universal Render Pipeline/Particles/SimpleLit' not found
Launched and connected shader compiler UnityShaderCompiler.exe after 0.07 seconds
Refreshing native plugins compatible for Editor in 0.90 ms, found 2 plugins.
Preloading 0 native plugins for Editor in 0.00 ms.
Unloading 3175 Unused Serialized files (Serialized files now loaded: 0)
System memory in use before: 157.5 MB.
System memory in use after: 156.7 MB.

Unloading 41 unused Assets to reduce memory usage. Loaded Objects now: 3602.
Total: 4.208100 ms (FindLiveObjects: 0.398900 ms CreateObjectMapping: 0.270500 ms MarkObjects: 2.954200 ms  DeleteObjects: 0.583400 ms)

AssetImportParameters requested are different than current active one (requested -> active):
  custom:framework-win-MediaFoundation: 216162199b28c13a410421893ffa2e32 -> 
  custom:video-decoder-ogg-theora: a1e56fd34408186e4bbccfd4996cb3dc -> 
  custom:container-muxer-webm: aa71ff27fc2769a1b78a27578f13a17b -> 
  custom:container-demuxer-webm: 4f35f7cbe854078d1ac9338744f61a02 -> 
  custom:container-demuxer-ogg: 62fdf1f143b41e24485cea50d1cbac27 -> 
  custom:video-encoder-webm-vp8: eb34c28f22e8b96e1ab97ce403110664 -> 
  custom:video-decoder-webm-vp8: 9c59270c3fd7afecdb556c50c9e8de78 -> 
  custom:audio-decoder-ogg-vorbis: bf7c407c2cedff20999df2af8eb42d56 -> 
  custom:audio-encoder-webm-vorbis: bf7c407c2cedff20999df2af8eb42d56 -> 
========================================================================
Received Import Request.
  path: Assets/Enviroments/Plugins/Blink/Art/Weapons/LowPoly/FreeSwords/Prefabs/Sword15_Frost.prefab
  artifactKey: Guid(1dbf24f8a486a5d43aa8eef186e3375d) Importer(815301076,1909f56bfc062723c751e8b465ee728b)
Start importing Assets/Enviroments/Plugins/Blink/Art/Weapons/LowPoly/FreeSwords/Prefabs/Sword15_Frost.prefab using Guid(1dbf24f8a486a5d43aa8eef186e3375d) Importer(815301076,1909f56bfc062723c751e8b465ee728b)  -> (artifact id: 'e5d40d89c8d9eabf15baab08638c0416') in 0.247405 seconds 
  Import took 0.254671 seconds .

========================================================================
Received Import Request.
  Time since last request: 0.000265 seconds.
  path: Assets/Enviroments/Plugins/Blink/Art/Weapons/LowPoly/FreeSwords/Prefabs/Sword13_Cyan.prefab
  artifactKey: Guid(608076c565a36b346b63e557cd6af9eb) Importer(815301076,1909f56bfc062723c751e8b465ee728b)
Start importing Assets/Enviroments/Plugins/Blink/Art/Weapons/LowPoly/FreeSwords/Prefabs/Sword13_Cyan.prefab using Guid(608076c565a36b346b63e557cd6af9eb) Importer(815301076,1909f56bfc062723c751e8b465ee728b)  -> (artifact id: '0730fdd64c9ce0164679f557c91e3c26') in 0.040441 seconds 
  Import took 0.047149 seconds .

========================================================================
Received Import Request.
  Time since last request: 0.000239 seconds.
  path: Assets/Enviroments/Plugins/Blink/Art/Weapons/LowPoly/FreeSwords/Prefabs/Sword14_Blue.prefab
  artifactKey: Guid(36589f066b25b1b4dab74eb18d6972fd) Importer(815301076,1909f56bfc062723c751e8b465ee728b)
Start importing Assets/Enviroments/Plugins/Blink/Art/Weapons/LowPoly/FreeSwords/Prefabs/Sword14_Blue.prefab using Guid(36589f066b25b1b4dab74eb18d6972fd) Importer(815301076,1909f56bfc062723c751e8b465ee728b)  -> (artifact id: 'b90ef4c1524e17eb2c1b3be22f601a14') in 0.025369 seconds 
  Import took 0.032661 seconds .

========================================================================
Received Import Request.
  Time since last request: 0.000244 seconds.
  path: Assets/Enviroments/Plugins/Blink/Art/Weapons/LowPoly/FreeSwords/Prefabs/Sword13_Red.prefab
  artifactKey: Guid(8abd62a2eceffa44da7fb651f5762284) Importer(815301076,1909f56bfc062723c751e8b465ee728b)
Start importing Assets/Enviroments/Plugins/Blink/Art/Weapons/LowPoly/FreeSwords/Prefabs/Sword13_Red.prefab using Guid(8abd62a2eceffa44da7fb651f5762284) Importer(815301076,1909f56bfc062723c751e8b465ee728b)  -> (artifact id: '84f9defb1cedf22b0a9f918770cc99d2') in 0.027647 seconds 
  Import took 0.035504 seconds .

========================================================================
Received Import Request.
  Time since last request: 0.000225 seconds.
  path: Assets/Enviroments/Plugins/Blink/Art/Weapons/LowPoly/FreeSwords/Prefabs/Sword14_Red.prefab
  artifactKey: Guid(f6c4ffb4d9b01e6438aee492ee60e489) Importer(815301076,1909f56bfc062723c751e8b465ee728b)
Start importing Assets/Enviroments/Plugins/Blink/Art/Weapons/LowPoly/FreeSwords/Prefabs/Sword14_Red.prefab using Guid(f6c4ffb4d9b01e6438aee492ee60e489) Importer(815301076,1909f56bfc062723c751e8b465ee728b)  -> (artifact id: '81426dc5ad5e95869d96c79a1fe45a24') in 0.025234 seconds 
  Import took 0.033102 seconds .

========================================================================
Received Import Request.
  Time since last request: 0.000203 seconds.
  path: Assets/Enviroments/Plugins/Blink/Art/Weapons/LowPoly/FreeSwords/Prefabs/Sword9_White.prefab
  artifactKey: Guid(696547c1f5c9dbc45978c7720f94b01e) Importer(815301076,1909f56bfc062723c751e8b465ee728b)
Start importing Assets/Enviroments/Plugins/Blink/Art/Weapons/LowPoly/FreeSwords/Prefabs/Sword9_White.prefab using Guid(696547c1f5c9dbc45978c7720f94b01e) Importer(815301076,1909f56bfc062723c751e8b465ee728b)  -> (artifact id: '8bac0a701dc53c54ddf418cd99714cca') in 0.050231 seconds 
  Import took 0.056466 seconds .

========================================================================
Received Import Request.
  Time since last request: 0.000211 seconds.
  path: Assets/Enviroments/Plugins/Blink/Art/Weapons/LowPoly/FreeSwords/Prefabs/Sword12_Green.prefab
  artifactKey: Guid(2efd1c51d7e487f4ba79e734c950eca8) Importer(815301076,1909f56bfc062723c751e8b465ee728b)
Start importing Assets/Enviroments/Plugins/Blink/Art/Weapons/LowPoly/FreeSwords/Prefabs/Sword12_Green.prefab using Guid(2efd1c51d7e487f4ba79e734c950eca8) Importer(815301076,1909f56bfc062723c751e8b465ee728b)  -> (artifact id: 'a6100fd8433715bad68bd019b46f0f0e') in 0.025990 seconds 
  Import took 0.032962 seconds .

========================================================================
Received Import Request.
  Time since last request: 0.000232 seconds.
  path: Assets/Enviroments/Plugins/Blink/Art/Weapons/LowPoly/FreeSwords/Prefabs/Sword13_Blue.prefab
  artifactKey: Guid(53575ba1699a8c94c81a56ca90753235) Importer(815301076,1909f56bfc062723c751e8b465ee728b)
Start importing Assets/Enviroments/Plugins/Blink/Art/Weapons/LowPoly/FreeSwords/Prefabs/Sword13_Blue.prefab using Guid(53575ba1699a8c94c81a56ca90753235) Importer(815301076,1909f56bfc062723c751e8b465ee728b)  -> (artifact id: 'fed3b5dc3f777860d99cb450dbe0fddb') in 0.028550 seconds 
  Import took 0.035032 seconds .

========================================================================
Received Import Request.
  Time since last request: 0.000205 seconds.
  path: Assets/Enviroments/Plugins/Blink/Art/Weapons/LowPoly/FreeSwords/Prefabs/Sword15_Iron.prefab
  artifactKey: Guid(80b057e1cc878634488547feae408d42) Importer(815301076,1909f56bfc062723c751e8b465ee728b)
Start importing Assets/Enviroments/Plugins/Blink/Art/Weapons/LowPoly/FreeSwords/Prefabs/Sword15_Iron.prefab using Guid(80b057e1cc878634488547feae408d42) Importer(815301076,1909f56bfc062723c751e8b465ee728b)  -> (artifact id: 'f3f63aa52d89fb971285279d9cf6fc6c') in 0.024350 seconds 
  Import took 0.030416 seconds .

========================================================================
Received Import Request.
  Time since last request: 0.000205 seconds.
  path: Assets/Enviroments/Plugins/Blink/Art/Weapons/LowPoly/FreeSwords/Prefabs/Sword13_Orange.prefab
  artifactKey: Guid(52526bede0428594ca4e1a269d896f68) Importer(815301076,1909f56bfc062723c751e8b465ee728b)
Start importing Assets/Enviroments/Plugins/Blink/Art/Weapons/LowPoly/FreeSwords/Prefabs/Sword13_Orange.prefab using Guid(52526bede0428594ca4e1a269d896f68) Importer(815301076,1909f56bfc062723c751e8b465ee728b)  -> (artifact id: 'a32cf46447711284a028841bb62e818b') in 0.023420 seconds 
  Import took 0.030087 seconds .

========================================================================
Received Import Request.
  Time since last request: 0.000187 seconds.
  path: Assets/Enviroments/Plugins/Blink/Art/Weapons/LowPoly/FreeSwords/Prefabs/Sword15_Earth.prefab
  artifactKey: Guid(02ffcdcce496f7b429bc8890255da4a6) Importer(815301076,1909f56bfc062723c751e8b465ee728b)
Start importing Assets/Enviroments/Plugins/Blink/Art/Weapons/LowPoly/FreeSwords/Prefabs/Sword15_Earth.prefab using Guid(02ffcdcce496f7b429bc8890255da4a6) Importer(815301076,1909f56bfc062723c751e8b465ee728b)  -> (artifact id: 'ce1983c675ac481d7d68bece828ffd56') in 0.023134 seconds 
  Import took 0.031022 seconds .

========================================================================
Received Import Request.
  Time since last request: 0.000266 seconds.
  path: Assets/Enviroments/Plugins/Blink/Art/Weapons/LowPoly/FreeSwords/Prefabs/Sword10_Bone.prefab
  artifactKey: Guid(ff1deabe1ffa54a47a2f188b49ac69c7) Importer(815301076,1909f56bfc062723c751e8b465ee728b)
Start importing Assets/Enviroments/Plugins/Blink/Art/Weapons/LowPoly/FreeSwords/Prefabs/Sword10_Bone.prefab using Guid(ff1deabe1ffa54a47a2f188b49ac69c7) Importer(815301076,1909f56bfc062723c751e8b465ee728b)  -> (artifact id: '3119eff3e4fa2b2ba23de1eab788b8c1') in 0.027879 seconds 
  Import took 0.034372 seconds .

========================================================================
Received Import Request.
  Time since last request: 0.000219 seconds.
  path: Assets/Enviroments/Plugins/Blink/Art/Weapons/LowPoly/FreeSwords/Prefabs/Sword10_Dark.prefab
  artifactKey: Guid(b84fe35b914023748b06fd3b37dceaa4) Importer(815301076,1909f56bfc062723c751e8b465ee728b)
Start importing Assets/Enviroments/Plugins/Blink/Art/Weapons/LowPoly/FreeSwords/Prefabs/Sword10_Dark.prefab using Guid(b84fe35b914023748b06fd3b37dceaa4) Importer(815301076,1909f56bfc062723c751e8b465ee728b)  -> (artifact id: '8b0405e8dbc0a4b28f56d1d8259e432f') in 0.023040 seconds 
  Import took 0.048821 seconds .

========================================================================
Received Import Request.
  Time since last request: 0.000205 seconds.
  path: Assets/Enviroments/Plugins/Blink/Art/Weapons/LowPoly/FreeSwords/Prefabs/Sword11_Blood.prefab
  artifactKey: Guid(c5bf61c5ffb29af47b24142811345e37) Importer(815301076,1909f56bfc062723c751e8b465ee728b)
Start importing Assets/Enviroments/Plugins/Blink/Art/Weapons/LowPoly/FreeSwords/Prefabs/Sword11_Blood.prefab using Guid(c5bf61c5ffb29af47b24142811345e37) Importer(815301076,1909f56bfc062723c751e8b465ee728b)  -> (artifact id: '138570557c5c9664f331061494b9fc1d') in 0.022311 seconds 
  Import took 0.029273 seconds .

========================================================================
Received Import Request.
  Time since last request: 0.000251 seconds.
  path: Assets/Enviroments/Plugins/Blink/Art/Weapons/LowPoly/FreeSwords/Prefabs/Sword15_Lava.prefab
  artifactKey: Guid(97d88fb9a3565d84daf5fff081fcbb91) Importer(815301076,1909f56bfc062723c751e8b465ee728b)
Start importing Assets/Enviroments/Plugins/Blink/Art/Weapons/LowPoly/FreeSwords/Prefabs/Sword15_Lava.prefab using Guid(97d88fb9a3565d84daf5fff081fcbb91) Importer(815301076,1909f56bfc062723c751e8b465ee728b)  -> (artifact id: '4e286969bd6adfd1120882c98cb44174') in 0.025946 seconds 
  Import took 0.032318 seconds .

========================================================================
Received Import Request.
  Time since last request: 0.000229 seconds.
  path: Assets/Enviroments/Plugins/Blink/Art/Weapons/LowPoly/FreeSwords/Prefabs/Sword10_Brown.prefab
  artifactKey: Guid(224e4356713f9ec45bb2ecfdae8e4627) Importer(815301076,1909f56bfc062723c751e8b465ee728b)
Start importing Assets/Enviroments/Plugins/Blink/Art/Weapons/LowPoly/FreeSwords/Prefabs/Sword10_Brown.prefab using Guid(224e4356713f9ec45bb2ecfdae8e4627) Importer(815301076,1909f56bfc062723c751e8b465ee728b)  -> (artifact id: 'f93b3581c885b37d70b775fa6f59b2b8') in 0.023108 seconds 
  Import took 0.030975 seconds .

========================================================================
Received Import Request.
  Time since last request: 0.000241 seconds.
  path: Assets/Enviroments/Plugins/Blink/Art/Weapons/LowPoly/FreeSwords/Prefabs/Sword14_Yellow.prefab
  artifactKey: Guid(e52959e3043254b408ed3a5eca5b3a6d) Importer(815301076,1909f56bfc062723c751e8b465ee728b)
Start importing Assets/Enviroments/Plugins/Blink/Art/Weapons/LowPoly/FreeSwords/Prefabs/Sword14_Yellow.prefab using Guid(e52959e3043254b408ed3a5eca5b3a6d) Importer(815301076,1909f56bfc062723c751e8b465ee728b)  -> (artifact id: 'a68f020b7179d37f0a1e8f2068859fb3') in 0.024207 seconds 
  Import took 0.030714 seconds .

========================================================================
Received Import Request.
  Time since last request: 0.000167 seconds.
  path: Assets/Enviroments/Plugins/Blink/Art/Weapons/LowPoly/FreeSwords/Prefabs/Sword12_Purple.prefab
  artifactKey: Guid(d876f71e74b8f8c4f9be7bf1137f38cc) Importer(815301076,1909f56bfc062723c751e8b465ee728b)
Start importing Assets/Enviroments/Plugins/Blink/Art/Weapons/LowPoly/FreeSwords/Prefabs/Sword12_Purple.prefab using Guid(d876f71e74b8f8c4f9be7bf1137f38cc) Importer(815301076,1909f56bfc062723c751e8b465ee728b)  -> (artifact id: '821fa4cb5022819931f5f12ff87f17bd') in 0.023091 seconds 
  Import took 0.029296 seconds .

========================================================================
Received Import Request.
  Time since last request: 0.000209 seconds.
  path: Assets/Enviroments/Plugins/Blink/Art/Weapons/LowPoly/FreeSwords/Prefabs/Sword11_Dark.prefab
  artifactKey: Guid(49ab3366fe18566499ef7aa0d9c35068) Importer(815301076,1909f56bfc062723c751e8b465ee728b)
Start importing Assets/Enviroments/Plugins/Blink/Art/Weapons/LowPoly/FreeSwords/Prefabs/Sword11_Dark.prefab using Guid(49ab3366fe18566499ef7aa0d9c35068) Importer(815301076,1909f56bfc062723c751e8b465ee728b)  -> (artifact id: '847242d71c1f8ba420d0224dbedc467a') in 0.023604 seconds 
  Import took 0.029332 seconds .

========================================================================
Received Import Request.
  Time since last request: 0.000203 seconds.
  path: Assets/Enviroments/Plugins/Blink/Art/Weapons/LowPoly/FreeSwords/Prefabs/Sword12_Red.prefab
  artifactKey: Guid(949ce1035604bd64996ff12112f19191) Importer(815301076,1909f56bfc062723c751e8b465ee728b)
Start importing Assets/Enviroments/Plugins/Blink/Art/Weapons/LowPoly/FreeSwords/Prefabs/Sword12_Red.prefab using Guid(949ce1035604bd64996ff12112f19191) Importer(815301076,1909f56bfc062723c751e8b465ee728b)  -> (artifact id: 'f824e0c7160382a257544416e2896f5a') in 0.025170 seconds 
  Import took 0.032218 seconds .

========================================================================
Received Import Request.
  Time since last request: 0.000219 seconds.
  path: Assets/Enviroments/Plugins/Blink/Art/Weapons/LowPoly/FreeSwords/Prefabs/Sword11_Bone.prefab
  artifactKey: Guid(9ad0600b8acd04641b634bf2ed932dd2) Importer(815301076,1909f56bfc062723c751e8b465ee728b)
Start importing Assets/Enviroments/Plugins/Blink/Art/Weapons/LowPoly/FreeSwords/Prefabs/Sword11_Bone.prefab using Guid(9ad0600b8acd04641b634bf2ed932dd2) Importer(815301076,1909f56bfc062723c751e8b465ee728b)  -> (artifact id: '3efc2c7513b1b6bc920f98507420e836') in 0.021740 seconds 
  Import took 0.028537 seconds .

========================================================================
Received Import Request.
  Time since last request: 0.000228 seconds.
  path: Assets/Enviroments/Plugins/Blink/Art/Weapons/LowPoly/FreeSwords/Prefabs/Sword13_Green.prefab
  artifactKey: Guid(32394f2d0ec76a94399483672aecea44) Importer(815301076,1909f56bfc062723c751e8b465ee728b)
Start importing Assets/Enviroments/Plugins/Blink/Art/Weapons/LowPoly/FreeSwords/Prefabs/Sword13_Green.prefab using Guid(32394f2d0ec76a94399483672aecea44) Importer(815301076,1909f56bfc062723c751e8b465ee728b)  -> (artifact id: 'cb730d5249b9dc437cc32f7f72eb5edb') in 0.022374 seconds 
  Import took 0.029020 seconds .

========================================================================
Received Prepare
Registering precompiled user dll's ...
Registered in 0.003756 seconds.
Begin MonoManager ReloadAssembly
Native extension for WindowsStandalone target not found
Native extension for WebGL target not found
Refreshing native plugins compatible for Editor in 0.87 ms, found 2 plugins.
Preloading 0 native plugins for Editor in 0.00 ms.
Mono: successfully reloaded assembly
- Completed reload, in  1.307 seconds
Domain Reload Profiling:
	ReloadAssembly (1307ms)
		BeginReloadAssembly (171ms)
			ExecutionOrderSort (0ms)
			DisableScriptedObjects (6ms)
			BackupInstance (0ms)
			ReleaseScriptingObjects (0ms)
			CreateAndSetChildDomain (63ms)
		EndReloadAssembly (1083ms)
			LoadAssemblies (83ms)
			RebuildTransferFunctionScriptingTraits (0ms)
			SetupTypeCache (332ms)
			ReleaseScriptCaches (1ms)
			RebuildScriptCaches (41ms)
			SetupLoadedEditorAssemblies (480ms)
				LogAssemblyErrors (0ms)
				InitializePlatformSupportModulesInManaged (5ms)
				SetLoadedEditorAssemblies (0ms)
				RefreshPlugins (1ms)
				BeforeProcessingInitializeOnLoad (75ms)
				ProcessInitializeOnLoadAttributes (390ms)
				ProcessInitializeOnLoadMethodAttributes (3ms)
				AfterProcessingInitializeOnLoad (6ms)
				EditorAssembliesLoaded (0ms)
			ExecutionOrderSort2 (0ms)
			AwakeInstancesAfterBackupRestoration (15ms)
Platform modules already initialized, skipping
Shader 'Universal Render Pipeline/Particles/Lit': fallback shader 'Universal Render Pipeline/Particles/SimpleLit' not found
Refreshing native plugins compatible for Editor in 0.92 ms, found 2 plugins.
Preloading 0 native plugins for Editor in 0.00 ms.
Unloading 3040 Unused Serialized files (Serialized files now loaded: 0)
System memory in use before: 153.2 MB.
System memory in use after: 152.4 MB.

Unloading 36 unused Assets to reduce memory usage. Loaded Objects now: 3649.
Total: 4.108000 ms (FindLiveObjects: 0.324200 ms CreateObjectMapping: 0.246500 ms MarkObjects: 2.893900 ms  DeleteObjects: 0.632600 ms)

AssetImportParameters requested are different than current active one (requested -> active):
  custom:framework-win-MediaFoundation: 216162199b28c13a410421893ffa2e32 -> 
  custom:video-decoder-ogg-theora: a1e56fd34408186e4bbccfd4996cb3dc -> 
  custom:container-muxer-webm: aa71ff27fc2769a1b78a27578f13a17b -> 
  custom:container-demuxer-webm: 4f35f7cbe854078d1ac9338744f61a02 -> 
  custom:container-demuxer-ogg: 62fdf1f143b41e24485cea50d1cbac27 -> 
  custom:video-encoder-webm-vp8: eb34c28f22e8b96e1ab97ce403110664 -> 
  custom:video-decoder-webm-vp8: 9c59270c3fd7afecdb556c50c9e8de78 -> 
  custom:audio-decoder-ogg-vorbis: bf7c407c2cedff20999df2af8eb42d56 -> 
  custom:audio-encoder-webm-vorbis: bf7c407c2cedff20999df2af8eb42d56 -> 
========================================================================
Received Import Request.
  Time since last request: 326.517030 seconds.
  path: Assets/Enviroments/Models/Player/Sword And Shield Impact.fbx
  artifactKey: Guid(64ddfedb06b914a40ad83705dffd0023) Importer(815301076,1909f56bfc062723c751e8b465ee728b)
Start importing Assets/Enviroments/Models/Player/Sword And Shield Impact.fbx using Guid(64ddfedb06b914a40ad83705dffd0023) Importer(815301076,1909f56bfc062723c751e8b465ee728b)  -> (artifact id: '38dcde4cdec06204e3d2086f6cf187cd') in 0.429746 seconds 
  Import took 0.436801 seconds .

========================================================================
Received Import Request.
  Time since last request: 13.292273 seconds.
  path: Assets/Enviroments/Models/Player/Sword And Shield Impact.fbx
  artifactKey: Guid(64ddfedb06b914a40ad83705dffd0023) Importer(815301076,1909f56bfc062723c751e8b465ee728b)
Start importing Assets/Enviroments/Models/Player/Sword And Shield Impact.fbx using Guid(64ddfedb06b914a40ad83705dffd0023) Importer(815301076,1909f56bfc062723c751e8b465ee728b)  -> (artifact id: '41eb00f3c3c01a2c6205ec706a272bad') in 0.182492 seconds 
  Import took 0.188864 seconds .

========================================================================
Received Import Request.
  Time since last request: 57.685132 seconds.
  path: Assets/Enviroments/Animation/Player/Model.controller
  artifactKey: Guid(a2b081971e5826143907c37514698748) Importer(815301076,1909f56bfc062723c751e8b465ee728b)
Start importing Assets/Enviroments/Animation/Player/Model.controller using Guid(a2b081971e5826143907c37514698748) Importer(815301076,1909f56bfc062723c751e8b465ee728b)  -> (artifact id: '5fafcf1a0727ec3247444a2b360d624d') in 0.016387 seconds 
  Import took 0.038788 seconds .

========================================================================
Received Prepare
Registering precompiled user dll's ...
Registered in 0.003664 seconds.
Begin MonoManager ReloadAssembly
Native extension for WindowsStandalone target not found
Native extension for WebGL target not found
Refreshing native plugins compatible for Editor in 0.86 ms, found 2 plugins.
Preloading 0 native plugins for Editor in 0.00 ms.
Mono: successfully reloaded assembly
- Completed reload, in  1.260 seconds
Domain Reload Profiling:
	ReloadAssembly (1260ms)
		BeginReloadAssembly (124ms)
			ExecutionOrderSort (0ms)
			DisableScriptedObjects (8ms)
			BackupInstance (0ms)
			ReleaseScriptingObjects (0ms)
			CreateAndSetChildDomain (44ms)
		EndReloadAssembly (1079ms)
			LoadAssemblies (92ms)
			RebuildTransferFunctionScriptingTraits (0ms)
			SetupTypeCache (314ms)
			ReleaseScriptCaches (1ms)
			RebuildScriptCaches (43ms)
			SetupLoadedEditorAssemblies (483ms)
				LogAssemblyErrors (0ms)
				InitializePlatformSupportModulesInManaged (5ms)
				SetLoadedEditorAssemblies (0ms)
				RefreshPlugins (1ms)
				BeforeProcessingInitializeOnLoad (74ms)
				ProcessInitializeOnLoadAttributes (394ms)
				ProcessInitializeOnLoadMethodAttributes (3ms)
				AfterProcessingInitializeOnLoad (5ms)
				EditorAssembliesLoaded (0ms)
			ExecutionOrderSort2 (0ms)
			AwakeInstancesAfterBackupRestoration (15ms)
Platform modules already initialized, skipping
Shader 'Universal Render Pipeline/Particles/Lit': fallback shader 'Universal Render Pipeline/Particles/SimpleLit' not found
Refreshing native plugins compatible for Editor in 0.94 ms, found 2 plugins.
Preloading 0 native plugins for Editor in 0.00 ms.
Unloading 3040 Unused Serialized files (Serialized files now loaded: 0)
System memory in use before: 167.4 MB.
System memory in use after: 166.5 MB.

Unloading 36 unused Assets to reduce memory usage. Loaded Objects now: 3724.
Total: 4.303000 ms (FindLiveObjects: 0.348300 ms CreateObjectMapping: 0.259000 ms MarkObjects: 3.059000 ms  DeleteObjects: 0.635600 ms)

AssetImportParameters requested are different than current active one (requested -> active):
  custom:framework-win-MediaFoundation: 216162199b28c13a410421893ffa2e32 -> 
  custom:video-decoder-ogg-theora: a1e56fd34408186e4bbccfd4996cb3dc -> 
  custom:container-muxer-webm: aa71ff27fc2769a1b78a27578f13a17b -> 
  custom:container-demuxer-webm: 4f35f7cbe854078d1ac9338744f61a02 -> 
  custom:container-demuxer-ogg: 62fdf1f143b41e24485cea50d1cbac27 -> 
  custom:video-encoder-webm-vp8: eb34c28f22e8b96e1ab97ce403110664 -> 
  custom:video-decoder-webm-vp8: 9c59270c3fd7afecdb556c50c9e8de78 -> 
  custom:audio-decoder-ogg-vorbis: bf7c407c2cedff20999df2af8eb42d56 -> 
  custom:audio-encoder-webm-vorbis: bf7c407c2cedff20999df2af8eb42d56 -> 
========================================================================
Received Import Request.
  Time since last request: 116.727179 seconds.
  path: Assets/Enviroments/Models/Player/Sword And Shield Run.fbx
  artifactKey: Guid(752d2a02e3090b447b93cc49d78ce8be) Importer(815301076,1909f56bfc062723c751e8b465ee728b)
Start importing Assets/Enviroments/Models/Player/Sword And Shield Run.fbx using Guid(752d2a02e3090b447b93cc49d78ce8be) Importer(815301076,1909f56bfc062723c751e8b465ee728b)  -> (artifact id: 'eff6ba79a0b99211e44a281573a4f9b8') in 0.327727 seconds 
  Import took 0.334333 seconds .

========================================================================
Received Import Request.
  Time since last request: 11.202818 seconds.
  path: Assets/Enviroments/Models/Player/Sword And Shield Run.fbx
  artifactKey: Guid(752d2a02e3090b447b93cc49d78ce8be) Importer(815301076,1909f56bfc062723c751e8b465ee728b)
Start importing Assets/Enviroments/Models/Player/Sword And Shield Run.fbx using Guid(752d2a02e3090b447b93cc49d78ce8be) Importer(815301076,1909f56bfc062723c751e8b465ee728b)  -> (artifact id: '3d1a9c5b017fc1fe45e250e937b695b8') in 0.170086 seconds 
  Import took 0.176435 seconds .

========================================================================
Received Import Request.
  Time since last request: 5.666255 seconds.
  path: Assets/Enviroments/Models/Player/Sword And Shield Run.fbx
  artifactKey: Guid(752d2a02e3090b447b93cc49d78ce8be) Importer(815301076,1909f56bfc062723c751e8b465ee728b)
Start importing Assets/Enviroments/Models/Player/Sword And Shield Run.fbx using Guid(752d2a02e3090b447b93cc49d78ce8be) Importer(815301076,1909f56bfc062723c751e8b465ee728b)  -> (artifact id: 'ec2b4d5ee79dd1ba53e3bb55de10dcd3') in 0.167614 seconds 
  Import took 0.174285 seconds .

========================================================================
Received Prepare
Registering precompiled user dll's ...
Registered in 0.003823 seconds.
Begin MonoManager ReloadAssembly
Native extension for WindowsStandalone target not found
Native extension for WebGL target not found
Refreshing native plugins compatible for Editor in 0.90 ms, found 2 plugins.
Preloading 0 native plugins for Editor in 0.00 ms.
Mono: successfully reloaded assembly
- Completed reload, in  1.260 seconds
Domain Reload Profiling:
	ReloadAssembly (1260ms)
		BeginReloadAssembly (128ms)
			ExecutionOrderSort (0ms)
			DisableScriptedObjects (6ms)
			BackupInstance (0ms)
			ReleaseScriptingObjects (0ms)
			CreateAndSetChildDomain (44ms)
		EndReloadAssembly (1076ms)
			LoadAssemblies (86ms)
			RebuildTransferFunctionScriptingTraits (0ms)
			SetupTypeCache (315ms)
			ReleaseScriptCaches (1ms)
			RebuildScriptCaches (44ms)
			SetupLoadedEditorAssemblies (497ms)
				LogAssemblyErrors (0ms)
				InitializePlatformSupportModulesInManaged (5ms)
				SetLoadedEditorAssemblies (0ms)
				RefreshPlugins (1ms)
				BeforeProcessingInitializeOnLoad (80ms)
				ProcessInitializeOnLoadAttributes (402ms)
				ProcessInitializeOnLoadMethodAttributes (3ms)
				AfterProcessingInitializeOnLoad (5ms)
				EditorAssembliesLoaded (0ms)
			ExecutionOrderSort2 (0ms)
			AwakeInstancesAfterBackupRestoration (15ms)
Platform modules already initialized, skipping
Shader 'Universal Render Pipeline/Particles/Lit': fallback shader 'Universal Render Pipeline/Particles/SimpleLit' not found
Refreshing native plugins compatible for Editor in 0.95 ms, found 2 plugins.
Preloading 0 native plugins for Editor in 0.00 ms.
Unloading 3040 Unused Serialized files (Serialized files now loaded: 0)
System memory in use before: 167.6 MB.
System memory in use after: 166.8 MB.

Unloading 36 unused Assets to reduce memory usage. Loaded Objects now: 3762.
Total: 5.084000 ms (FindLiveObjects: 0.365500 ms CreateObjectMapping: 0.259800 ms MarkObjects: 3.785500 ms  DeleteObjects: 0.672300 ms)

AssetImportParameters requested are different than current active one (requested -> active):
  custom:framework-win-MediaFoundation: 216162199b28c13a410421893ffa2e32 -> 
  custom:video-decoder-ogg-theora: a1e56fd34408186e4bbccfd4996cb3dc -> 
  custom:container-muxer-webm: aa71ff27fc2769a1b78a27578f13a17b -> 
  custom:container-demuxer-webm: 4f35f7cbe854078d1ac9338744f61a02 -> 
  custom:container-demuxer-ogg: 62fdf1f143b41e24485cea50d1cbac27 -> 
  custom:video-encoder-webm-vp8: eb34c28f22e8b96e1ab97ce403110664 -> 
  custom:video-decoder-webm-vp8: 9c59270c3fd7afecdb556c50c9e8de78 -> 
  custom:audio-decoder-ogg-vorbis: bf7c407c2cedff20999df2af8eb42d56 -> 
  custom:audio-encoder-webm-vorbis: bf7c407c2cedff20999df2af8eb42d56 -> 
========================================================================
Received Import Request.
  Time since last request: 122.844077 seconds.
  path: Assets/Enviroments/Models/Player/Standing Melee Attack Downward.fbx
  artifactKey: Guid(a589236f0cc0c0141a1a21c95ad3d6b8) Importer(815301076,1909f56bfc062723c751e8b465ee728b)
Start importing Assets/Enviroments/Models/Player/Standing Melee Attack Downward.fbx using Guid(a589236f0cc0c0141a1a21c95ad3d6b8) Importer(815301076,1909f56bfc062723c751e8b465ee728b)  -> (artifact id: '3560d70f71cc4afccb4a4d107ee1a125') in 0.332111 seconds 
  Import took 0.339062 seconds .

========================================================================
Received Import Request.
  Time since last request: 7.593781 seconds.
  path: Assets/Enviroments/Models/Player/Standing Melee Attack Downward.fbx
  artifactKey: Guid(a589236f0cc0c0141a1a21c95ad3d6b8) Importer(815301076,1909f56bfc062723c751e8b465ee728b)
Start importing Assets/Enviroments/Models/Player/Standing Melee Attack Downward.fbx using Guid(a589236f0cc0c0141a1a21c95ad3d6b8) Importer(815301076,1909f56bfc062723c751e8b465ee728b)  -> (artifact id: '45a05d69b553c8dad36c4f87eadbd69a') in 0.173998 seconds 
  Import took 0.191158 seconds .

========================================================================
Received Import Request.
  Time since last request: 205.698026 seconds.
  path: Assets/Enviroments/Plugins/OrientalSword/Generic
  artifactKey: Guid(c96b23f17f0c49149bf02da3492c16de) Importer(815301076,1909f56bfc062723c751e8b465ee728b)
Start importing Assets/Enviroments/Plugins/OrientalSword/Generic using Guid(c96b23f17f0c49149bf02da3492c16de) Importer(815301076,1909f56bfc062723c751e8b465ee728b)  -> (artifact id: 'e3f782271d63d96e1d2fd20269ad7428') in 0.026147 seconds 
  Import took 0.031381 seconds .

========================================================================
Received Import Request.
  Time since last request: 0.479746 seconds.
  path: Assets/Enviroments/Plugins/OrientalSword/Controller
  artifactKey: Guid(2746c503efb65ec409dfd69b8ce5b9b6) Importer(815301076,1909f56bfc062723c751e8b465ee728b)
Start importing Assets/Enviroments/Plugins/OrientalSword/Controller using Guid(2746c503efb65ec409dfd69b8ce5b9b6) Importer(815301076,1909f56bfc062723c751e8b465ee728b)  -> (artifact id: 'b44dcf6ed4af00fd0cdae1279fd0c73b') in 0.005633 seconds 
  Import took 0.011334 seconds .

========================================================================
Received Import Request.
  Time since last request: 0.634924 seconds.
  path: Assets/Enviroments/Plugins/OrientalSword/Controller/Gnr_Attacks_Cont.controller
  artifactKey: Guid(6386076a504e9124c92e9c18628fb084) Importer(815301076,1909f56bfc062723c751e8b465ee728b)
Start importing Assets/Enviroments/Plugins/OrientalSword/Controller/Gnr_Attacks_Cont.controller using Guid(6386076a504e9124c92e9c18628fb084) Importer(815301076,1909f56bfc062723c751e8b465ee728b)  -> (artifact id: '7410043e405abd9a714b6762ecb1c2b6') in 0.017887 seconds 
  Import took 0.023444 seconds .

========================================================================
Received Import Request.
  Time since last request: 0.708079 seconds.
  path: Assets/Enviroments/Plugins/OrientalSword/Controller/Gnr_Jump_Cont 1.controller
  artifactKey: Guid(cfb74c80ca7532a439f14df91ac9756a) Importer(815301076,1909f56bfc062723c751e8b465ee728b)
Start importing Assets/Enviroments/Plugins/OrientalSword/Controller/Gnr_Jump_Cont 1.controller using Guid(cfb74c80ca7532a439f14df91ac9756a) Importer(815301076,1909f56bfc062723c751e8b465ee728b)  -> (artifact id: '1e91ab1d17e0a8884f794a65dd785618') in 0.008707 seconds 
  Import took 0.014483 seconds .

========================================================================
Received Prepare
Registering precompiled user dll's ...
Registered in 0.003188 seconds.
Begin MonoManager ReloadAssembly
Native extension for WindowsStandalone target not found
Native extension for WebGL target not found
Refreshing native plugins compatible for Editor in 0.91 ms, found 2 plugins.
Preloading 0 native plugins for Editor in 0.00 ms.
Mono: successfully reloaded assembly
- Completed reload, in  1.163 seconds
Domain Reload Profiling:
	ReloadAssembly (1163ms)
		BeginReloadAssembly (123ms)
			ExecutionOrderSort (0ms)
			DisableScriptedObjects (7ms)
			BackupInstance (0ms)
			ReleaseScriptingObjects (0ms)
			CreateAndSetChildDomain (39ms)
		EndReloadAssembly (988ms)
			LoadAssemblies (82ms)
			RebuildTransferFunctionScriptingTraits (0ms)
			SetupTypeCache (279ms)
			ReleaseScriptCaches (1ms)
			RebuildScriptCaches (43ms)
			SetupLoadedEditorAssemblies (454ms)
				LogAssemblyErrors (0ms)
				InitializePlatformSupportModulesInManaged (4ms)
				SetLoadedEditorAssemblies (0ms)
				RefreshPlugins (1ms)
				BeforeProcessingInitializeOnLoad (71ms)
				ProcessInitializeOnLoadAttributes (369ms)
				ProcessInitializeOnLoadMethodAttributes (3ms)
				AfterProcessingInitializeOnLoad (5ms)
				EditorAssembliesLoaded (0ms)
			ExecutionOrderSort2 (0ms)
			AwakeInstancesAfterBackupRestoration (16ms)
Platform modules already initialized, skipping
Shader 'Universal Render Pipeline/Particles/Lit': fallback shader 'Universal Render Pipeline/Particles/SimpleLit' not found
Refreshing native plugins compatible for Editor in 0.91 ms, found 2 plugins.
Preloading 0 native plugins for Editor in 0.00 ms.
Unloading 3040 Unused Serialized files (Serialized files now loaded: 0)
System memory in use before: 167.9 MB.
System memory in use after: 167.0 MB.

Unloading 36 unused Assets to reduce memory usage. Loaded Objects now: 3800.
Total: 4.210200 ms (FindLiveObjects: 0.346100 ms CreateObjectMapping: 0.253400 ms MarkObjects: 2.954900 ms  DeleteObjects: 0.654900 ms)

AssetImportParameters requested are different than current active one (requested -> active):
  custom:framework-win-MediaFoundation: 216162199b28c13a410421893ffa2e32 -> 
  custom:video-decoder-ogg-theora: a1e56fd34408186e4bbccfd4996cb3dc -> 
  custom:container-muxer-webm: aa71ff27fc2769a1b78a27578f13a17b -> 
  custom:container-demuxer-webm: 4f35f7cbe854078d1ac9338744f61a02 -> 
  custom:container-demuxer-ogg: 62fdf1f143b41e24485cea50d1cbac27 -> 
  custom:video-encoder-webm-vp8: eb34c28f22e8b96e1ab97ce403110664 -> 
  custom:video-decoder-webm-vp8: 9c59270c3fd7afecdb556c50c9e8de78 -> 
  custom:audio-decoder-ogg-vorbis: bf7c407c2cedff20999df2af8eb42d56 -> 
  custom:audio-encoder-webm-vorbis: bf7c407c2cedff20999df2af8eb42d56 -> 
========================================================================
Received Import Request.
  Time since last request: 150.200852 seconds.
  path: Assets/Enviroments/Prefabs/Enenmy Prefab/Proyectil.prefab
  artifactKey: Guid(f383ac50afc8a104e89671baf73d4a7b) Importer(815301076,1909f56bfc062723c751e8b465ee728b)
Start importing Assets/Enviroments/Prefabs/Enenmy Prefab/Proyectil.prefab using Guid(f383ac50afc8a104e89671baf73d4a7b) Importer(815301076,1909f56bfc062723c751e8b465ee728b)  -> (artifact id: '3a13c3fe851e72a03b563fd1a1d64b11') in 0.179203 seconds 
  Import took 0.185775 seconds .

========================================================================
Received Prepare
Registering precompiled user dll's ...
Registered in 0.004099 seconds.
Begin MonoManager ReloadAssembly
Native extension for WindowsStandalone target not found
Native extension for WebGL target not found
Refreshing native plugins compatible for Editor in 0.89 ms, found 2 plugins.
Preloading 0 native plugins for Editor in 0.00 ms.
Mono: successfully reloaded assembly
- Completed reload, in  1.248 seconds
Domain Reload Profiling:
	ReloadAssembly (1248ms)
		BeginReloadAssembly (128ms)
			ExecutionOrderSort (0ms)
			DisableScriptedObjects (6ms)
			BackupInstance (0ms)
			ReleaseScriptingObjects (0ms)
			CreateAndSetChildDomain (44ms)
		EndReloadAssembly (1065ms)
			LoadAssemblies (91ms)
			RebuildTransferFunctionScriptingTraits (0ms)
			SetupTypeCache (305ms)
			ReleaseScriptCaches (1ms)
			RebuildScriptCaches (45ms)
			SetupLoadedEditorAssemblies (484ms)
				LogAssemblyErrors (0ms)
				InitializePlatformSupportModulesInManaged (4ms)
				SetLoadedEditorAssemblies (0ms)
				RefreshPlugins (1ms)
				BeforeProcessingInitializeOnLoad (73ms)
				ProcessInitializeOnLoadAttributes (396ms)
				ProcessInitializeOnLoadMethodAttributes (3ms)
				AfterProcessingInitializeOnLoad (6ms)
				EditorAssembliesLoaded (0ms)
			ExecutionOrderSort2 (0ms)
			AwakeInstancesAfterBackupRestoration (18ms)
Platform modules already initialized, skipping
Shader 'Universal Render Pipeline/Particles/Lit': fallback shader 'Universal Render Pipeline/Particles/SimpleLit' not found
Refreshing native plugins compatible for Editor in 0.91 ms, found 2 plugins.
Preloading 0 native plugins for Editor in 0.00 ms.
Unloading 3040 Unused Serialized files (Serialized files now loaded: 0)
System memory in use before: 168.1 MB.
System memory in use after: 167.2 MB.

Unloading 37 unused Assets to reduce memory usage. Loaded Objects now: 3839.
Total: 4.104800 ms (FindLiveObjects: 0.293800 ms CreateObjectMapping: 0.111000 ms MarkObjects: 2.971200 ms  DeleteObjects: 0.727800 ms)

AssetImportParameters requested are different than current active one (requested -> active):
  custom:framework-win-MediaFoundation: 216162199b28c13a410421893ffa2e32 -> 
  custom:video-decoder-ogg-theora: a1e56fd34408186e4bbccfd4996cb3dc -> 
  custom:container-muxer-webm: aa71ff27fc2769a1b78a27578f13a17b -> 
  custom:container-demuxer-webm: 4f35f7cbe854078d1ac9338744f61a02 -> 
  custom:container-demuxer-ogg: 62fdf1f143b41e24485cea50d1cbac27 -> 
  custom:video-encoder-webm-vp8: eb34c28f22e8b96e1ab97ce403110664 -> 
  custom:video-decoder-webm-vp8: 9c59270c3fd7afecdb556c50c9e8de78 -> 
  custom:audio-decoder-ogg-vorbis: bf7c407c2cedff20999df2af8eb42d56 -> 
  custom:audio-encoder-webm-vorbis: bf7c407c2cedff20999df2af8eb42d56 -> 
========================================================================
Received Prepare
Registering precompiled user dll's ...
Registered in 0.004899 seconds.
Begin MonoManager ReloadAssembly
Native extension for WindowsStandalone target not found
Native extension for WebGL target not found
Refreshing native plugins compatible for Editor in 0.90 ms, found 2 plugins.
Preloading 0 native plugins for Editor in 0.00 ms.
Mono: successfully reloaded assembly
- Completed reload, in  1.221 seconds
Domain Reload Profiling:
	ReloadAssembly (1222ms)
		BeginReloadAssembly (136ms)
			ExecutionOrderSort (0ms)
			DisableScriptedObjects (4ms)
			BackupInstance (0ms)
			ReleaseScriptingObjects (0ms)
			CreateAndSetChildDomain (46ms)
		EndReloadAssembly (1017ms)
			LoadAssemblies (89ms)
			RebuildTransferFunctionScriptingTraits (0ms)
			SetupTypeCache (295ms)
			ReleaseScriptCaches (1ms)
			RebuildScriptCaches (44ms)
			SetupLoadedEditorAssemblies (459ms)
				LogAssemblyErrors (0ms)
				InitializePlatformSupportModulesInManaged (4ms)
				SetLoadedEditorAssemblies (0ms)
				RefreshPlugins (1ms)
				BeforeProcessingInitializeOnLoad (73ms)
				ProcessInitializeOnLoadAttributes (371ms)
				ProcessInitializeOnLoadMethodAttributes (3ms)
				AfterProcessingInitializeOnLoad (5ms)
				EditorAssembliesLoaded (0ms)
			ExecutionOrderSort2 (0ms)
			AwakeInstancesAfterBackupRestoration (16ms)
Platform modules already initialized, skipping
Shader 'Universal Render Pipeline/Particles/Lit': fallback shader 'Universal Render Pipeline/Particles/SimpleLit' not found
Refreshing native plugins compatible for Editor in 0.93 ms, found 2 plugins.
Preloading 0 native plugins for Editor in 0.00 ms.
Unloading 3040 Unused Serialized files (Serialized files now loaded: 0)
System memory in use before: 168.1 MB.
System memory in use after: 167.2 MB.

Unloading 36 unused Assets to reduce memory usage. Loaded Objects now: 3841.
Total: 4.822300 ms (FindLiveObjects: 0.346500 ms CreateObjectMapping: 0.243100 ms MarkObjects: 3.488500 ms  DeleteObjects: 0.742700 ms)

AssetImportParameters requested are different than current active one (requested -> active):
  custom:framework-win-MediaFoundation: 216162199b28c13a410421893ffa2e32 -> 
  custom:video-decoder-ogg-theora: a1e56fd34408186e4bbccfd4996cb3dc -> 
  custom:container-muxer-webm: aa71ff27fc2769a1b78a27578f13a17b -> 
  custom:container-demuxer-webm: 4f35f7cbe854078d1ac9338744f61a02 -> 
  custom:container-demuxer-ogg: 62fdf1f143b41e24485cea50d1cbac27 -> 
  custom:video-encoder-webm-vp8: eb34c28f22e8b96e1ab97ce403110664 -> 
  custom:video-decoder-webm-vp8: 9c59270c3fd7afecdb556c50c9e8de78 -> 
  custom:audio-decoder-ogg-vorbis: bf7c407c2cedff20999df2af8eb42d56 -> 
  custom:audio-encoder-webm-vorbis: bf7c407c2cedff20999df2af8eb42d56 -> 
========================================================================
Received Prepare
Registering precompiled user dll's ...
Registered in 0.003337 seconds.
Begin MonoManager ReloadAssembly
Native extension for WindowsStandalone target not found
Native extension for WebGL target not found
Refreshing native plugins compatible for Editor in 0.89 ms, found 2 plugins.
Preloading 0 native plugins for Editor in 0.00 ms.
Mono: successfully reloaded assembly
- Completed reload, in  1.355 seconds
Domain Reload Profiling:
	ReloadAssembly (1356ms)
		BeginReloadAssembly (115ms)
			ExecutionOrderSort (0ms)
			DisableScriptedObjects (7ms)
			BackupInstance (0ms)
			ReleaseScriptingObjects (0ms)
			CreateAndSetChildDomain (41ms)
		EndReloadAssembly (1176ms)
			LoadAssemblies (88ms)
			RebuildTransferFunctionScriptingTraits (0ms)
			SetupTypeCache (335ms)
			ReleaseScriptCaches (3ms)
			RebuildScriptCaches (54ms)
			SetupLoadedEditorAssemblies (539ms)
				LogAssemblyErrors (0ms)
				InitializePlatformSupportModulesInManaged (5ms)
				SetLoadedEditorAssemblies (0ms)
				RefreshPlugins (1ms)
				BeforeProcessingInitializeOnLoad (83ms)
				ProcessInitializeOnLoadAttributes (441ms)
				ProcessInitializeOnLoadMethodAttributes (3ms)
				AfterProcessingInitializeOnLoad (6ms)
				EditorAssembliesLoaded (0ms)
			ExecutionOrderSort2 (0ms)
			AwakeInstancesAfterBackupRestoration (19ms)
Platform modules already initialized, skipping
Shader 'Universal Render Pipeline/Particles/Lit': fallback shader 'Universal Render Pipeline/Particles/SimpleLit' not found
Refreshing native plugins compatible for Editor in 1.16 ms, found 2 plugins.
Preloading 0 native plugins for Editor in 0.00 ms.
Unloading 3040 Unused Serialized files (Serialized files now loaded: 0)
System memory in use before: 168.2 MB.
System memory in use after: 167.3 MB.

Unloading 36 unused Assets to reduce memory usage. Loaded Objects now: 3843.
Total: 5.121900 ms (FindLiveObjects: 0.482100 ms CreateObjectMapping: 0.401200 ms MarkObjects: 3.431600 ms  DeleteObjects: 0.805800 ms)

AssetImportParameters requested are different than current active one (requested -> active):
  custom:framework-win-MediaFoundation: 216162199b28c13a410421893ffa2e32 -> 
  custom:video-decoder-ogg-theora: a1e56fd34408186e4bbccfd4996cb3dc -> 
  custom:container-muxer-webm: aa71ff27fc2769a1b78a27578f13a17b -> 
  custom:container-demuxer-webm: 4f35f7cbe854078d1ac9338744f61a02 -> 
  custom:container-demuxer-ogg: 62fdf1f143b41e24485cea50d1cbac27 -> 
  custom:video-encoder-webm-vp8: eb34c28f22e8b96e1ab97ce403110664 -> 
  custom:video-decoder-webm-vp8: 9c59270c3fd7afecdb556c50c9e8de78 -> 
  custom:audio-decoder-ogg-vorbis: bf7c407c2cedff20999df2af8eb42d56 -> 
  custom:audio-encoder-webm-vorbis: bf7c407c2cedff20999df2af8eb42d56 -> 
========================================================================
Received Prepare
Registering precompiled user dll's ...
Registered in 0.003364 seconds.
Begin MonoManager ReloadAssembly
Native extension for WindowsStandalone target not found
Native extension for WebGL target not found
Refreshing native plugins compatible for Editor in 0.94 ms, found 2 plugins.
Preloading 0 native plugins for Editor in 0.00 ms.
Mono: successfully reloaded assembly
- Completed reload, in  1.200 seconds
Domain Reload Profiling:
	ReloadAssembly (1200ms)
		BeginReloadAssembly (101ms)
			ExecutionOrderSort (0ms)
			DisableScriptedObjects (5ms)
			BackupInstance (0ms)
			ReleaseScriptingObjects (0ms)
			CreateAndSetChildDomain (33ms)
		EndReloadAssembly (1047ms)
			LoadAssemblies (79ms)
			RebuildTransferFunctionScriptingTraits (0ms)
			SetupTypeCache (284ms)
			ReleaseScriptCaches (2ms)
			RebuildScriptCaches (42ms)
			SetupLoadedEditorAssemblies (478ms)
				LogAssemblyErrors (0ms)
				InitializePlatformSupportModulesInManaged (5ms)
				SetLoadedEditorAssemblies (0ms)
				RefreshPlugins (1ms)
				BeforeProcessingInitializeOnLoad (73ms)
				ProcessInitializeOnLoadAttributes (389ms)
				ProcessInitializeOnLoadMethodAttributes (3ms)
				AfterProcessingInitializeOnLoad (5ms)
				EditorAssembliesLoaded (0ms)
			ExecutionOrderSort2 (0ms)
			AwakeInstancesAfterBackupRestoration (29ms)
Platform modules already initialized, skipping
Shader 'Universal Render Pipeline/Particles/Lit': fallback shader 'Universal Render Pipeline/Particles/SimpleLit' not found
Refreshing native plugins compatible for Editor in 0.97 ms, found 2 plugins.
Preloading 0 native plugins for Editor in 0.00 ms.
Unloading 3040 Unused Serialized files (Serialized files now loaded: 0)
System memory in use before: 168.1 MB.
System memory in use after: 167.3 MB.

Unloading 36 unused Assets to reduce memory usage. Loaded Objects now: 3845.
Total: 4.176500 ms (FindLiveObjects: 0.421600 ms CreateObjectMapping: 0.265000 ms MarkObjects: 2.770800 ms  DeleteObjects: 0.717900 ms)

AssetImportParameters requested are different than current active one (requested -> active):
  custom:framework-win-MediaFoundation: 216162199b28c13a410421893ffa2e32 -> 
  custom:video-decoder-ogg-theora: a1e56fd34408186e4bbccfd4996cb3dc -> 
  custom:container-muxer-webm: aa71ff27fc2769a1b78a27578f13a17b -> 
  custom:container-demuxer-webm: 4f35f7cbe854078d1ac9338744f61a02 -> 
  custom:container-demuxer-ogg: 62fdf1f143b41e24485cea50d1cbac27 -> 
  custom:video-encoder-webm-vp8: eb34c28f22e8b96e1ab97ce403110664 -> 
  custom:video-decoder-webm-vp8: 9c59270c3fd7afecdb556c50c9e8de78 -> 
  custom:audio-decoder-ogg-vorbis: bf7c407c2cedff20999df2af8eb42d56 -> 
  custom:audio-encoder-webm-vorbis: bf7c407c2cedff20999df2af8eb42d56 -> 
========================================================================
Received Import Request.
  Time since last request: 304.253515 seconds.
  path: Assets/Enviroments/Prefabs/Enenmy Prefab/Proyectil.prefab
  artifactKey: Guid(f383ac50afc8a104e89671baf73d4a7b) Importer(815301076,1909f56bfc062723c751e8b465ee728b)
Start importing Assets/Enviroments/Prefabs/Enenmy Prefab/Proyectil.prefab using Guid(f383ac50afc8a104e89671baf73d4a7b) Importer(815301076,1909f56bfc062723c751e8b465ee728b)  -> (artifact id: '42d6e03ccd9b70c7219b0bca90f1aed1') in 0.287306 seconds 
  Import took 0.293272 seconds .

========================================================================
Received Import Request.
  Time since last request: 20.635632 seconds.
  path: Assets/Enviroments/Prefabs/Enenmy Prefab/Proyectil.prefab
  artifactKey: Guid(f383ac50afc8a104e89671baf73d4a7b) Importer(815301076,1909f56bfc062723c751e8b465ee728b)
Start importing Assets/Enviroments/Prefabs/Enenmy Prefab/Proyectil.prefab using Guid(f383ac50afc8a104e89671baf73d4a7b) Importer(815301076,1909f56bfc062723c751e8b465ee728b)  -> (artifact id: '75df4299a49e70b16a3debf15f2d57c8') in 0.014375 seconds 
  Import took 0.021108 seconds .

========================================================================
Received Import Request.
  Time since last request: 3.187076 seconds.
  path: Assets/Enviroments/Prefabs/Enenmy Prefab/Proyectil.prefab
  artifactKey: Guid(f383ac50afc8a104e89671baf73d4a7b) Importer(815301076,1909f56bfc062723c751e8b465ee728b)
Start importing Assets/Enviroments/Prefabs/Enenmy Prefab/Proyectil.prefab using Guid(f383ac50afc8a104e89671baf73d4a7b) Importer(815301076,1909f56bfc062723c751e8b465ee728b)  -> (artifact id: '5895b532e027f6fdc64c546d5b8e0a77') in 0.013140 seconds 
  Import took 0.019641 seconds .

========================================================================
Received Prepare
Registering precompiled user dll's ...
Registered in 0.003352 seconds.
Begin MonoManager ReloadAssembly
Native extension for WindowsStandalone target not found
Native extension for WebGL target not found
Refreshing native plugins compatible for Editor in 0.86 ms, found 2 plugins.
Preloading 0 native plugins for Editor in 0.00 ms.
Mono: successfully reloaded assembly
- Completed reload, in  1.220 seconds
Domain Reload Profiling:
	ReloadAssembly (1220ms)
		BeginReloadAssembly (117ms)
			ExecutionOrderSort (0ms)
			DisableScriptedObjects (6ms)
			BackupInstance (0ms)
			ReleaseScriptingObjects (0ms)
			CreateAndSetChildDomain (40ms)
		EndReloadAssembly (1051ms)
			LoadAssemblies (87ms)
			RebuildTransferFunctionScriptingTraits (0ms)
			SetupTypeCache (288ms)
			ReleaseScriptCaches (2ms)
			RebuildScriptCaches (42ms)
			SetupLoadedEditorAssemblies (507ms)
				LogAssemblyErrors (0ms)
				InitializePlatformSupportModulesInManaged (4ms)
				SetLoadedEditorAssemblies (0ms)
				RefreshPlugins (1ms)
				BeforeProcessingInitializeOnLoad (72ms)
				ProcessInitializeOnLoadAttributes (421ms)
				ProcessInitializeOnLoadMethodAttributes (3ms)
				AfterProcessingInitializeOnLoad (6ms)
				EditorAssembliesLoaded (0ms)
			ExecutionOrderSort2 (0ms)
			AwakeInstancesAfterBackupRestoration (17ms)
Platform modules already initialized, skipping
Shader 'Universal Render Pipeline/Particles/Lit': fallback shader 'Universal Render Pipeline/Particles/SimpleLit' not found
Refreshing native plugins compatible for Editor in 0.93 ms, found 2 plugins.
Preloading 0 native plugins for Editor in 0.00 ms.
Unloading 3040 Unused Serialized files (Serialized files now loaded: 0)
System memory in use before: 168.2 MB.
System memory in use after: 167.4 MB.

Unloading 37 unused Assets to reduce memory usage. Loaded Objects now: 3883.
Total: 4.499800 ms (FindLiveObjects: 0.367300 ms CreateObjectMapping: 0.262900 ms MarkObjects: 3.172800 ms  DeleteObjects: 0.696100 ms)

AssetImportParameters requested are different than current active one (requested -> active):
  custom:framework-win-MediaFoundation: 216162199b28c13a410421893ffa2e32 -> 
  custom:video-decoder-ogg-theora: a1e56fd34408186e4bbccfd4996cb3dc -> 
  custom:container-muxer-webm: aa71ff27fc2769a1b78a27578f13a17b -> 
  custom:container-demuxer-webm: 4f35f7cbe854078d1ac9338744f61a02 -> 
  custom:container-demuxer-ogg: 62fdf1f143b41e24485cea50d1cbac27 -> 
  custom:video-encoder-webm-vp8: eb34c28f22e8b96e1ab97ce403110664 -> 
  custom:video-decoder-webm-vp8: 9c59270c3fd7afecdb556c50c9e8de78 -> 
  custom:audio-decoder-ogg-vorbis: bf7c407c2cedff20999df2af8eb42d56 -> 
  custom:audio-encoder-webm-vorbis: bf7c407c2cedff20999df2af8eb42d56 -> 
========================================================================
Received Prepare
Registering precompiled user dll's ...
Registered in 0.003458 seconds.
Begin MonoManager ReloadAssembly
Native extension for WindowsStandalone target not found
Native extension for WebGL target not found
Refreshing native plugins compatible for Editor in 0.88 ms, found 2 plugins.
Preloading 0 native plugins for Editor in 0.00 ms.
Mono: successfully reloaded assembly
- Completed reload, in  1.331 seconds
Domain Reload Profiling:
	ReloadAssembly (1331ms)
		BeginReloadAssembly (107ms)
			ExecutionOrderSort (0ms)
			DisableScriptedObjects (7ms)
			BackupInstance (0ms)
			ReleaseScriptingObjects (0ms)
			CreateAndSetChildDomain (34ms)
		EndReloadAssembly (1166ms)
			LoadAssemblies (90ms)
			RebuildTransferFunctionScriptingTraits (0ms)
			SetupTypeCache (369ms)
			ReleaseScriptCaches (2ms)
			RebuildScriptCaches (47ms)
			SetupLoadedEditorAssemblies (527ms)
				LogAssemblyErrors (0ms)
				InitializePlatformSupportModulesInManaged (4ms)
				SetLoadedEditorAssemblies (0ms)
				RefreshPlugins (1ms)
				BeforeProcessingInitializeOnLoad (75ms)
				ProcessInitializeOnLoadAttributes (437ms)
				ProcessInitializeOnLoadMethodAttributes (3ms)
				AfterProcessingInitializeOnLoad (6ms)
				EditorAssembliesLoaded (0ms)
			ExecutionOrderSort2 (0ms)
			AwakeInstancesAfterBackupRestoration (17ms)
Platform modules already initialized, skipping
Shader 'Universal Render Pipeline/Particles/Lit': fallback shader 'Universal Render Pipeline/Particles/SimpleLit' not found
Refreshing native plugins compatible for Editor in 0.92 ms, found 2 plugins.
Preloading 0 native plugins for Editor in 0.00 ms.
Unloading 3040 Unused Serialized files (Serialized files now loaded: 0)
System memory in use before: 168.3 MB.
System memory in use after: 167.4 MB.

Unloading 36 unused Assets to reduce memory usage. Loaded Objects now: 3885.
Total: 4.476000 ms (FindLiveObjects: 0.420900 ms CreateObjectMapping: 0.122800 ms MarkObjects: 3.155300 ms  DeleteObjects: 0.775900 ms)

AssetImportParameters requested are different than current active one (requested -> active):
  custom:framework-win-MediaFoundation: 216162199b28c13a410421893ffa2e32 -> 
  custom:video-decoder-ogg-theora: a1e56fd34408186e4bbccfd4996cb3dc -> 
  custom:container-muxer-webm: aa71ff27fc2769a1b78a27578f13a17b -> 
  custom:container-demuxer-webm: 4f35f7cbe854078d1ac9338744f61a02 -> 
  custom:container-demuxer-ogg: 62fdf1f143b41e24485cea50d1cbac27 -> 
  custom:video-encoder-webm-vp8: eb34c28f22e8b96e1ab97ce403110664 -> 
  custom:video-decoder-webm-vp8: 9c59270c3fd7afecdb556c50c9e8de78 -> 
  custom:audio-decoder-ogg-vorbis: bf7c407c2cedff20999df2af8eb42d56 -> 
  custom:audio-encoder-webm-vorbis: bf7c407c2cedff20999df2af8eb42d56 -> 
========================================================================
Received Prepare
Registering precompiled user dll's ...
Registered in 0.003400 seconds.
Begin MonoManager ReloadAssembly
Native extension for WindowsStandalone target not found
Native extension for WebGL target not found
Refreshing native plugins compatible for Editor in 0.87 ms, found 2 plugins.
Preloading 0 native plugins for Editor in 0.00 ms.
Mono: successfully reloaded assembly
- Completed reload, in  1.262 seconds
Domain Reload Profiling:
	ReloadAssembly (1262ms)
		BeginReloadAssembly (126ms)
			ExecutionOrderSort (0ms)
			DisableScriptedObjects (5ms)
			BackupInstance (0ms)
			ReleaseScriptingObjects (0ms)
			CreateAndSetChildDomain (37ms)
		EndReloadAssembly (1072ms)
			LoadAssemblies (86ms)
			RebuildTransferFunctionScriptingTraits (0ms)
			SetupTypeCache (308ms)
			ReleaseScriptCaches (1ms)
			RebuildScriptCaches (42ms)
			SetupLoadedEditorAssemblies (496ms)
				LogAssemblyErrors (0ms)
				InitializePlatformSupportModulesInManaged (5ms)
				SetLoadedEditorAssemblies (0ms)
				RefreshPlugins (1ms)
				BeforeProcessingInitializeOnLoad (78ms)
				ProcessInitializeOnLoadAttributes (398ms)
				ProcessInitializeOnLoadMethodAttributes (3ms)
				AfterProcessingInitializeOnLoad (10ms)
				EditorAssembliesLoaded (1ms)
			ExecutionOrderSort2 (0ms)
			AwakeInstancesAfterBackupRestoration (29ms)
Platform modules already initialized, skipping
Shader 'Universal Render Pipeline/Particles/Lit': fallback shader 'Universal Render Pipeline/Particles/SimpleLit' not found
Refreshing native plugins compatible for Editor in 0.94 ms, found 2 plugins.
Preloading 0 native plugins for Editor in 0.00 ms.
Unloading 3040 Unused Serialized files (Serialized files now loaded: 0)
System memory in use before: 168.2 MB.
System memory in use after: 167.4 MB.

Unloading 36 unused Assets to reduce memory usage. Loaded Objects now: 3887.
Total: 5.176300 ms (FindLiveObjects: 0.436900 ms CreateObjectMapping: 0.268000 ms MarkObjects: 3.636500 ms  DeleteObjects: 0.833500 ms)

AssetImportParameters requested are different than current active one (requested -> active):
  custom:framework-win-MediaFoundation: 216162199b28c13a410421893ffa2e32 -> 
  custom:video-decoder-ogg-theora: a1e56fd34408186e4bbccfd4996cb3dc -> 
  custom:container-muxer-webm: aa71ff27fc2769a1b78a27578f13a17b -> 
  custom:container-demuxer-webm: 4f35f7cbe854078d1ac9338744f61a02 -> 
  custom:container-demuxer-ogg: 62fdf1f143b41e24485cea50d1cbac27 -> 
  custom:video-encoder-webm-vp8: eb34c28f22e8b96e1ab97ce403110664 -> 
  custom:video-decoder-webm-vp8: 9c59270c3fd7afecdb556c50c9e8de78 -> 
  custom:audio-decoder-ogg-vorbis: bf7c407c2cedff20999df2af8eb42d56 -> 
  custom:audio-encoder-webm-vorbis: bf7c407c2cedff20999df2af8eb42d56 -> 
========================================================================
Received Prepare
Registering precompiled user dll's ...
Registered in 0.003293 seconds.
Begin MonoManager ReloadAssembly
Native extension for WindowsStandalone target not found
Native extension for WebGL target not found
Refreshing native plugins compatible for Editor in 0.92 ms, found 2 plugins.
Preloading 0 native plugins for Editor in 0.00 ms.
Mono: successfully reloaded assembly
- Completed reload, in  1.406 seconds
Domain Reload Profiling:
	ReloadAssembly (1406ms)
		BeginReloadAssembly (132ms)
			ExecutionOrderSort (0ms)
			DisableScriptedObjects (5ms)
			BackupInstance (0ms)
			ReleaseScriptingObjects (0ms)
			CreateAndSetChildDomain (34ms)
		EndReloadAssembly (1174ms)
			LoadAssemblies (110ms)
			RebuildTransferFunctionScriptingTraits (0ms)
			SetupTypeCache (356ms)
			ReleaseScriptCaches (2ms)
			RebuildScriptCaches (44ms)
			SetupLoadedEditorAssemblies (553ms)
				LogAssemblyErrors (0ms)
				InitializePlatformSupportModulesInManaged (5ms)
				SetLoadedEditorAssemblies (0ms)
				RefreshPlugins (1ms)
				BeforeProcessingInitializeOnLoad (86ms)
				ProcessInitializeOnLoadAttributes (452ms)
				ProcessInitializeOnLoadMethodAttributes (3ms)
				AfterProcessingInitializeOnLoad (6ms)
				EditorAssembliesLoaded (0ms)
			ExecutionOrderSort2 (0ms)
			AwakeInstancesAfterBackupRestoration (17ms)
Platform modules already initialized, skipping
Shader 'Universal Render Pipeline/Particles/Lit': fallback shader 'Universal Render Pipeline/Particles/SimpleLit' not found
Refreshing native plugins compatible for Editor in 0.94 ms, found 2 plugins.
Preloading 0 native plugins for Editor in 0.00 ms.
Unloading 3041 Unused Serialized files (Serialized files now loaded: 0)
System memory in use before: 168.3 MB.
System memory in use after: 167.4 MB.

Unloading 36 unused Assets to reduce memory usage. Loaded Objects now: 3890.
Total: 5.048000 ms (FindLiveObjects: 0.465700 ms CreateObjectMapping: 0.292400 ms MarkObjects: 3.395100 ms  DeleteObjects: 0.893400 ms)

AssetImportParameters requested are different than current active one (requested -> active):
  custom:framework-win-MediaFoundation: 216162199b28c13a410421893ffa2e32 -> 
  custom:video-decoder-ogg-theora: a1e56fd34408186e4bbccfd4996cb3dc -> 
  custom:container-muxer-webm: aa71ff27fc2769a1b78a27578f13a17b -> 
  custom:container-demuxer-webm: 4f35f7cbe854078d1ac9338744f61a02 -> 
  custom:container-demuxer-ogg: 62fdf1f143b41e24485cea50d1cbac27 -> 
  custom:video-encoder-webm-vp8: eb34c28f22e8b96e1ab97ce403110664 -> 
  custom:video-decoder-webm-vp8: 9c59270c3fd7afecdb556c50c9e8de78 -> 
  custom:audio-decoder-ogg-vorbis: bf7c407c2cedff20999df2af8eb42d56 -> 
  custom:audio-encoder-webm-vorbis: bf7c407c2cedff20999df2af8eb42d56 -> 
========================================================================
Received Import Request.
  Time since last request: 185.023232 seconds.
  path: Assets/Enviroments/Prefabs/Enenmy Prefab/Proyectil.prefab
  artifactKey: Guid(f383ac50afc8a104e89671baf73d4a7b) Importer(815301076,1909f56bfc062723c751e8b465ee728b)
Start importing Assets/Enviroments/Prefabs/Enenmy Prefab/Proyectil.prefab using Guid(f383ac50afc8a104e89671baf73d4a7b) Importer(815301076,1909f56bfc062723c751e8b465ee728b)  -> (artifact id: '94dc1a0adc6dadb0ae5989a4314a91ce') in 0.295290 seconds 
  Import took 0.302698 seconds .

========================================================================
Received Prepare
Registering precompiled user dll's ...
Registered in 0.004089 seconds.
Begin MonoManager ReloadAssembly
Native extension for WindowsStandalone target not found
Native extension for WebGL target not found
Refreshing native plugins compatible for Editor in 0.90 ms, found 2 plugins.
Preloading 0 native plugins for Editor in 0.00 ms.
Mono: successfully reloaded assembly
- Completed reload, in  1.347 seconds
Domain Reload Profiling:
	ReloadAssembly (1347ms)
		BeginReloadAssembly (160ms)
			ExecutionOrderSort (0ms)
			DisableScriptedObjects (10ms)
			BackupInstance (0ms)
			ReleaseScriptingObjects (0ms)
			CreateAndSetChildDomain (61ms)
		EndReloadAssembly (1123ms)
			LoadAssemblies (97ms)
			RebuildTransferFunctionScriptingTraits (0ms)
			SetupTypeCache (336ms)
			ReleaseScriptCaches (2ms)
			RebuildScriptCaches (47ms)
			SetupLoadedEditorAssemblies (507ms)
				LogAssemblyErrors (0ms)
				InitializePlatformSupportModulesInManaged (5ms)
				SetLoadedEditorAssemblies (0ms)
				RefreshPlugins (1ms)
				BeforeProcessingInitializeOnLoad (80ms)
				ProcessInitializeOnLoadAttributes (412ms)
				ProcessInitializeOnLoadMethodAttributes (3ms)
				AfterProcessingInitializeOnLoad (6ms)
				EditorAssembliesLoaded (0ms)
			ExecutionOrderSort2 (0ms)
			AwakeInstancesAfterBackupRestoration (18ms)
Platform modules already initialized, skipping
Shader 'Universal Render Pipeline/Particles/Lit': fallback shader 'Universal Render Pipeline/Particles/SimpleLit' not found
Refreshing native plugins compatible for Editor in 1.15 ms, found 2 plugins.
Preloading 0 native plugins for Editor in 0.00 ms.
Unloading 3041 Unused Serialized files (Serialized files now loaded: 0)
System memory in use before: 168.4 MB.
System memory in use after: 167.6 MB.

Unloading 37 unused Assets to reduce memory usage. Loaded Objects now: 3928.
Total: 5.339400 ms (FindLiveObjects: 0.487100 ms CreateObjectMapping: 0.313800 ms MarkObjects: 3.729200 ms  DeleteObjects: 0.795300 ms)

AssetImportParameters requested are different than current active one (requested -> active):
  custom:framework-win-MediaFoundation: 216162199b28c13a410421893ffa2e32 -> 
  custom:video-decoder-ogg-theora: a1e56fd34408186e4bbccfd4996cb3dc -> 
  custom:container-muxer-webm: aa71ff27fc2769a1b78a27578f13a17b -> 
  custom:container-demuxer-webm: 4f35f7cbe854078d1ac9338744f61a02 -> 
  custom:container-demuxer-ogg: 62fdf1f143b41e24485cea50d1cbac27 -> 
  custom:video-encoder-webm-vp8: eb34c28f22e8b96e1ab97ce403110664 -> 
  custom:video-decoder-webm-vp8: 9c59270c3fd7afecdb556c50c9e8de78 -> 
  custom:audio-decoder-ogg-vorbis: bf7c407c2cedff20999df2af8eb42d56 -> 
  custom:audio-encoder-webm-vorbis: bf7c407c2cedff20999df2af8eb42d56 -> 
========================================================================
Received Import Request.
  Time since last request: 92.774168 seconds.
  path: Assets/Enviroments/Prefabs/Enenmy Prefab/Proyectil.prefab
  artifactKey: Guid(f383ac50afc8a104e89671baf73d4a7b) Importer(815301076,1909f56bfc062723c751e8b465ee728b)
Start importing Assets/Enviroments/Prefabs/Enenmy Prefab/Proyectil.prefab using Guid(f383ac50afc8a104e89671baf73d4a7b) Importer(815301076,1909f56bfc062723c751e8b465ee728b)  -> (artifact id: 'da725027df166959f93aa71b1a7e1ef6') in 0.181570 seconds 
  Import took 0.187566 seconds .

========================================================================
Received Prepare
Registering precompiled user dll's ...
Registered in 0.003329 seconds.
Begin MonoManager ReloadAssembly
Native extension for WindowsStandalone target not found
Native extension for WebGL target not found
Refreshing native plugins compatible for Editor in 0.91 ms, found 2 plugins.
Preloading 0 native plugins for Editor in 0.00 ms.
Mono: successfully reloaded assembly
- Completed reload, in  1.290 seconds
Domain Reload Profiling:
	ReloadAssembly (1290ms)
		BeginReloadAssembly (124ms)
			ExecutionOrderSort (0ms)
			DisableScriptedObjects (8ms)
			BackupInstance (0ms)
			ReleaseScriptingObjects (0ms)
			CreateAndSetChildDomain (48ms)
		EndReloadAssembly (1108ms)
			LoadAssemblies (90ms)
			RebuildTransferFunctionScriptingTraits (0ms)
			SetupTypeCache (337ms)
			ReleaseScriptCaches (1ms)
			RebuildScriptCaches (45ms)
			SetupLoadedEditorAssemblies (500ms)
				LogAssemblyErrors (0ms)
				InitializePlatformSupportModulesInManaged (5ms)
				SetLoadedEditorAssemblies (0ms)
				RefreshPlugins (1ms)
				BeforeProcessingInitializeOnLoad (76ms)
				ProcessInitializeOnLoadAttributes (408ms)
				ProcessInitializeOnLoadMethodAttributes (3ms)
				AfterProcessingInitializeOnLoad (6ms)
				EditorAssembliesLoaded (0ms)
			ExecutionOrderSort2 (0ms)
			AwakeInstancesAfterBackupRestoration (18ms)
Platform modules already initialized, skipping
Shader 'Universal Render Pipeline/Particles/Lit': fallback shader 'Universal Render Pipeline/Particles/SimpleLit' not found
Refreshing native plugins compatible for Editor in 0.92 ms, found 2 plugins.
Preloading 0 native plugins for Editor in 0.00 ms.
Unloading 3041 Unused Serialized files (Serialized files now loaded: 0)
System memory in use before: 168.6 MB.
System memory in use after: 167.8 MB.

Unloading 37 unused Assets to reduce memory usage. Loaded Objects now: 3966.
Total: 5.046100 ms (FindLiveObjects: 0.392300 ms CreateObjectMapping: 0.285000 ms MarkObjects: 3.630600 ms  DeleteObjects: 0.737200 ms)

AssetImportParameters requested are different than current active one (requested -> active):
  custom:framework-win-MediaFoundation: 216162199b28c13a410421893ffa2e32 -> 
  custom:video-decoder-ogg-theora: a1e56fd34408186e4bbccfd4996cb3dc -> 
  custom:container-muxer-webm: aa71ff27fc2769a1b78a27578f13a17b -> 
  custom:container-demuxer-webm: 4f35f7cbe854078d1ac9338744f61a02 -> 
  custom:container-demuxer-ogg: 62fdf1f143b41e24485cea50d1cbac27 -> 
  custom:video-encoder-webm-vp8: eb34c28f22e8b96e1ab97ce403110664 -> 
  custom:video-decoder-webm-vp8: 9c59270c3fd7afecdb556c50c9e8de78 -> 
  custom:audio-decoder-ogg-vorbis: bf7c407c2cedff20999df2af8eb42d56 -> 
  custom:audio-encoder-webm-vorbis: bf7c407c2cedff20999df2af8eb42d56 -> 
========================================================================
Received Import Request.
  Time since last request: 31.206829 seconds.
  path: Assets/Enviroments/Prefabs/Enenmy Prefab/Proyectil.prefab
  artifactKey: Guid(f383ac50afc8a104e89671baf73d4a7b) Importer(815301076,1909f56bfc062723c751e8b465ee728b)
Start importing Assets/Enviroments/Prefabs/Enenmy Prefab/Proyectil.prefab using Guid(f383ac50afc8a104e89671baf73d4a7b) Importer(815301076,1909f56bfc062723c751e8b465ee728b)  -> (artifact id: '061d8284fbecbed056ade0d4a5a055d6') in 0.176048 seconds 
  Import took 0.182819 seconds .

========================================================================
Received Import Request.
  Time since last request: 0.587445 seconds.
  path: Assets/Enviroments/Prefabs/Enenmy Prefab/Proyectil.prefab
  artifactKey: Guid(f383ac50afc8a104e89671baf73d4a7b) Importer(815301076,1909f56bfc062723c751e8b465ee728b)
Start importing Assets/Enviroments/Prefabs/Enenmy Prefab/Proyectil.prefab using Guid(f383ac50afc8a104e89671baf73d4a7b) Importer(815301076,1909f56bfc062723c751e8b465ee728b)  -> (artifact id: 'e231716b3b9ee0b25d65a61b0024784e') in 0.010929 seconds 
  Import took 0.017923 seconds .

========================================================================
Received Prepare
Registering precompiled user dll's ...
Registered in 0.003401 seconds.
Begin MonoManager ReloadAssembly
Native extension for WindowsStandalone target not found
Native extension for WebGL target not found
Refreshing native plugins compatible for Editor in 0.92 ms, found 2 plugins.
Preloading 0 native plugins for Editor in 0.00 ms.
Mono: successfully reloaded assembly
- Completed reload, in  1.382 seconds
Domain Reload Profiling:
	ReloadAssembly (1382ms)
		BeginReloadAssembly (126ms)
			ExecutionOrderSort (0ms)
			DisableScriptedObjects (7ms)
			BackupInstance (0ms)
			ReleaseScriptingObjects (0ms)
			CreateAndSetChildDomain (48ms)
		EndReloadAssembly (1201ms)
			LoadAssemblies (87ms)
			RebuildTransferFunctionScriptingTraits (0ms)
			SetupTypeCache (308ms)
			ReleaseScriptCaches (2ms)
			RebuildScriptCaches (49ms)
			SetupLoadedEditorAssemblies (584ms)
				LogAssemblyErrors (0ms)
				InitializePlatformSupportModulesInManaged (7ms)
				SetLoadedEditorAssemblies (0ms)
				RefreshPlugins (1ms)
				BeforeProcessingInitializeOnLoad (88ms)
				ProcessInitializeOnLoadAttributes (478ms)
				ProcessInitializeOnLoadMethodAttributes (4ms)
				AfterProcessingInitializeOnLoad (7ms)
				EditorAssembliesLoaded (0ms)
			ExecutionOrderSort2 (0ms)
			AwakeInstancesAfterBackupRestoration (23ms)
Platform modules already initialized, skipping
Shader 'Universal Render Pipeline/Particles/Lit': fallback shader 'Universal Render Pipeline/Particles/SimpleLit' not found
Refreshing native plugins compatible for Editor in 1.05 ms, found 2 plugins.
Preloading 0 native plugins for Editor in 0.00 ms.
Unloading 3041 Unused Serialized files (Serialized files now loaded: 0)
System memory in use before: 168.7 MB.
System memory in use after: 167.9 MB.

Unloading 37 unused Assets to reduce memory usage. Loaded Objects now: 4004.
Total: 5.150800 ms (FindLiveObjects: 0.448400 ms CreateObjectMapping: 0.242700 ms MarkObjects: 3.505200 ms  DeleteObjects: 0.952800 ms)

AssetImportParameters requested are different than current active one (requested -> active):
  custom:framework-win-MediaFoundation: 216162199b28c13a410421893ffa2e32 -> 
  custom:video-decoder-ogg-theora: a1e56fd34408186e4bbccfd4996cb3dc -> 
  custom:container-muxer-webm: aa71ff27fc2769a1b78a27578f13a17b -> 
  custom:container-demuxer-webm: 4f35f7cbe854078d1ac9338744f61a02 -> 
  custom:container-demuxer-ogg: 62fdf1f143b41e24485cea50d1cbac27 -> 
  custom:video-encoder-webm-vp8: eb34c28f22e8b96e1ab97ce403110664 -> 
  custom:video-decoder-webm-vp8: 9c59270c3fd7afecdb556c50c9e8de78 -> 
  custom:audio-decoder-ogg-vorbis: bf7c407c2cedff20999df2af8eb42d56 -> 
  custom:audio-encoder-webm-vorbis: bf7c407c2cedff20999df2af8eb42d56 -> 
========================================================================
Received Import Request.
  Time since last request: 10.795575 seconds.
  path: Assets/Enviroments/Prefabs/Enenmy Prefab/Proyectil.prefab
  artifactKey: Guid(f383ac50afc8a104e89671baf73d4a7b) Importer(815301076,1909f56bfc062723c751e8b465ee728b)
Start importing Assets/Enviroments/Prefabs/Enenmy Prefab/Proyectil.prefab using Guid(f383ac50afc8a104e89671baf73d4a7b) Importer(815301076,1909f56bfc062723c751e8b465ee728b)  -> (artifact id: 'e99c051cd15e587170076ecf6385bdf9') in 0.195968 seconds 
  Import took 0.202780 seconds .

========================================================================
Received Prepare
Registering precompiled user dll's ...
Registered in 0.003299 seconds.
Begin MonoManager ReloadAssembly
Native extension for WindowsStandalone target not found
Native extension for WebGL target not found
Refreshing native plugins compatible for Editor in 1.11 ms, found 2 plugins.
Preloading 0 native plugins for Editor in 0.00 ms.
Mono: successfully reloaded assembly
- Completed reload, in  1.296 seconds
Domain Reload Profiling:
	ReloadAssembly (1296ms)
		BeginReloadAssembly (135ms)
			ExecutionOrderSort (0ms)
			DisableScriptedObjects (6ms)
			BackupInstance (0ms)
			ReleaseScriptingObjects (0ms)
			CreateAndSetChildDomain (50ms)
		EndReloadAssembly (1102ms)
			LoadAssemblies (95ms)
			RebuildTransferFunctionScriptingTraits (0ms)
			SetupTypeCache (321ms)
			ReleaseScriptCaches (2ms)
			RebuildScriptCaches (45ms)
			SetupLoadedEditorAssemblies (501ms)
				LogAssemblyErrors (0ms)
				InitializePlatformSupportModulesInManaged (6ms)
				SetLoadedEditorAssemblies (1ms)
				RefreshPlugins (1ms)
				BeforeProcessingInitializeOnLoad (84ms)
				ProcessInitializeOnLoadAttributes (401ms)
				ProcessInitializeOnLoadMethodAttributes (3ms)
				AfterProcessingInitializeOnLoad (6ms)
				EditorAssembliesLoaded (0ms)
			ExecutionOrderSort2 (0ms)
			AwakeInstancesAfterBackupRestoration (22ms)
Platform modules already initialized, skipping
Shader 'Universal Render Pipeline/Particles/Lit': fallback shader 'Universal Render Pipeline/Particles/SimpleLit' not found
Refreshing native plugins compatible for Editor in 0.95 ms, found 2 plugins.
Preloading 0 native plugins for Editor in 0.00 ms.
Unloading 3041 Unused Serialized files (Serialized files now loaded: 0)
System memory in use before: 168.9 MB.
System memory in use after: 168.0 MB.

Unloading 37 unused Assets to reduce memory usage. Loaded Objects now: 4042.
Total: 5.784200 ms (FindLiveObjects: 0.415400 ms CreateObjectMapping: 0.116300 ms MarkObjects: 4.249200 ms  DeleteObjects: 1.002000 ms)

AssetImportParameters requested are different than current active one (requested -> active):
  custom:framework-win-MediaFoundation: 216162199b28c13a410421893ffa2e32 -> 
  custom:video-decoder-ogg-theora: a1e56fd34408186e4bbccfd4996cb3dc -> 
  custom:container-muxer-webm: aa71ff27fc2769a1b78a27578f13a17b -> 
  custom:container-demuxer-webm: 4f35f7cbe854078d1ac9338744f61a02 -> 
  custom:container-demuxer-ogg: 62fdf1f143b41e24485cea50d1cbac27 -> 
  custom:video-encoder-webm-vp8: eb34c28f22e8b96e1ab97ce403110664 -> 
  custom:video-decoder-webm-vp8: 9c59270c3fd7afecdb556c50c9e8de78 -> 
  custom:audio-decoder-ogg-vorbis: bf7c407c2cedff20999df2af8eb42d56 -> 
  custom:audio-encoder-webm-vorbis: bf7c407c2cedff20999df2af8eb42d56 -> 
========================================================================
Received Prepare
Registering precompiled user dll's ...
Registered in 0.003986 seconds.
Begin MonoManager ReloadAssembly
Native extension for WindowsStandalone target not found
Native extension for WebGL target not found
Refreshing native plugins compatible for Editor in 0.95 ms, found 2 plugins.
Preloading 0 native plugins for Editor in 0.00 ms.
Mono: successfully reloaded assembly
- Completed reload, in  1.390 seconds
Domain Reload Profiling:
	ReloadAssembly (1390ms)
		BeginReloadAssembly (138ms)
			ExecutionOrderSort (0ms)
			DisableScriptedObjects (7ms)
			BackupInstance (0ms)
			ReleaseScriptingObjects (0ms)
			CreateAndSetChildDomain (43ms)
		EndReloadAssembly (1185ms)
			LoadAssemblies (97ms)
			RebuildTransferFunctionScriptingTraits (0ms)
			SetupTypeCache (365ms)
			ReleaseScriptCaches (2ms)
			RebuildScriptCaches (52ms)
			SetupLoadedEditorAssemblies (537ms)
				LogAssemblyErrors (0ms)
				InitializePlatformSupportModulesInManaged (5ms)
				SetLoadedEditorAssemblies (1ms)
				RefreshPlugins (1ms)
				BeforeProcessingInitializeOnLoad (87ms)
				ProcessInitializeOnLoadAttributes (434ms)
				ProcessInitializeOnLoadMethodAttributes (3ms)
				AfterProcessingInitializeOnLoad (6ms)
				EditorAssembliesLoaded (0ms)
			ExecutionOrderSort2 (0ms)
			AwakeInstancesAfterBackupRestoration (19ms)
Platform modules already initialized, skipping
Shader 'Universal Render Pipeline/Particles/Lit': fallback shader 'Universal Render Pipeline/Particles/SimpleLit' not found
Refreshing native plugins compatible for Editor in 0.92 ms, found 2 plugins.
Preloading 0 native plugins for Editor in 0.00 ms.
Unloading 3041 Unused Serialized files (Serialized files now loaded: 0)
System memory in use before: 168.9 MB.
System memory in use after: 168.0 MB.

Unloading 36 unused Assets to reduce memory usage. Loaded Objects now: 4044.
Total: 4.757500 ms (FindLiveObjects: 0.399200 ms CreateObjectMapping: 0.260100 ms MarkObjects: 3.368000 ms  DeleteObjects: 0.729500 ms)

AssetImportParameters requested are different than current active one (requested -> active):
  custom:framework-win-MediaFoundation: 216162199b28c13a410421893ffa2e32 -> 
  custom:video-decoder-ogg-theora: a1e56fd34408186e4bbccfd4996cb3dc -> 
  custom:container-muxer-webm: aa71ff27fc2769a1b78a27578f13a17b -> 
  custom:container-demuxer-webm: 4f35f7cbe854078d1ac9338744f61a02 -> 
  custom:container-demuxer-ogg: 62fdf1f143b41e24485cea50d1cbac27 -> 
  custom:video-encoder-webm-vp8: eb34c28f22e8b96e1ab97ce403110664 -> 
  custom:video-decoder-webm-vp8: 9c59270c3fd7afecdb556c50c9e8de78 -> 
  custom:audio-decoder-ogg-vorbis: bf7c407c2cedff20999df2af8eb42d56 -> 
  custom:audio-encoder-webm-vorbis: bf7c407c2cedff20999df2af8eb42d56 -> 
========================================================================
Received Prepare
Registering precompiled user dll's ...
Registered in 0.004602 seconds.
Begin MonoManager ReloadAssembly
Native extension for WindowsStandalone target not found
Native extension for WebGL target not found
Refreshing native plugins compatible for Editor in 0.84 ms, found 2 plugins.
Preloading 0 native plugins for Editor in 0.00 ms.
Mono: successfully reloaded assembly
- Completed reload, in  1.302 seconds
Domain Reload Profiling:
	ReloadAssembly (1303ms)
		BeginReloadAssembly (114ms)
			ExecutionOrderSort (0ms)
			DisableScriptedObjects (6ms)
			BackupInstance (0ms)
			ReleaseScriptingObjects (0ms)
			CreateAndSetChildDomain (37ms)
		EndReloadAssembly (1131ms)
			LoadAssemblies (86ms)
			RebuildTransferFunctionScriptingTraits (0ms)
			SetupTypeCache (332ms)
			ReleaseScriptCaches (2ms)
			RebuildScriptCaches (46ms)
			SetupLoadedEditorAssemblies (503ms)
				LogAssemblyErrors (0ms)
				InitializePlatformSupportModulesInManaged (4ms)
				SetLoadedEditorAssemblies (0ms)
				RefreshPlugins (1ms)
				BeforeProcessingInitializeOnLoad (78ms)
				ProcessInitializeOnLoadAttributes (410ms)
				ProcessInitializeOnLoadMethodAttributes (3ms)
				AfterProcessingInitializeOnLoad (6ms)
				EditorAssembliesLoaded (0ms)
			ExecutionOrderSort2 (0ms)
			AwakeInstancesAfterBackupRestoration (19ms)
Platform modules already initialized, skipping
Shader 'Universal Render Pipeline/Particles/Lit': fallback shader 'Universal Render Pipeline/Particles/SimpleLit' not found
Refreshing native plugins compatible for Editor in 0.91 ms, found 2 plugins.
Preloading 0 native plugins for Editor in 0.00 ms.
Unloading 3041 Unused Serialized files (Serialized files now loaded: 0)
System memory in use before: 168.9 MB.
System memory in use after: 168.0 MB.

Unloading 36 unused Assets to reduce memory usage. Loaded Objects now: 4046.
Total: 5.830200 ms (FindLiveObjects: 0.457300 ms CreateObjectMapping: 0.276200 ms MarkObjects: 4.274200 ms  DeleteObjects: 0.821200 ms)

AssetImportParameters requested are different than current active one (requested -> active):
  custom:framework-win-MediaFoundation: 216162199b28c13a410421893ffa2e32 -> 
  custom:video-decoder-ogg-theora: a1e56fd34408186e4bbccfd4996cb3dc -> 
  custom:container-muxer-webm: aa71ff27fc2769a1b78a27578f13a17b -> 
  custom:container-demuxer-webm: 4f35f7cbe854078d1ac9338744f61a02 -> 
  custom:container-demuxer-ogg: 62fdf1f143b41e24485cea50d1cbac27 -> 
  custom:video-encoder-webm-vp8: eb34c28f22e8b96e1ab97ce403110664 -> 
  custom:video-decoder-webm-vp8: 9c59270c3fd7afecdb556c50c9e8de78 -> 
  custom:audio-decoder-ogg-vorbis: bf7c407c2cedff20999df2af8eb42d56 -> 
  custom:audio-encoder-webm-vorbis: bf7c407c2cedff20999df2af8eb42d56 -> 
========================================================================
Received Prepare
Registering precompiled user dll's ...
Registered in 0.003276 seconds.
Begin MonoManager ReloadAssembly
Native extension for WindowsStandalone target not found
Native extension for WebGL target not found
Refreshing native plugins compatible for Editor in 0.85 ms, found 2 plugins.
Preloading 0 native plugins for Editor in 0.00 ms.
Mono: successfully reloaded assembly
- Completed reload, in  1.318 seconds
Domain Reload Profiling:
	ReloadAssembly (1318ms)
		BeginReloadAssembly (139ms)
			ExecutionOrderSort (0ms)
			DisableScriptedObjects (5ms)
			BackupInstance (0ms)
			ReleaseScriptingObjects (0ms)
			CreateAndSetChildDomain (45ms)
		EndReloadAssembly (1118ms)
			LoadAssemblies (103ms)
			RebuildTransferFunctionScriptingTraits (0ms)
			SetupTypeCache (316ms)
			ReleaseScriptCaches (2ms)
			RebuildScriptCaches (47ms)
			SetupLoadedEditorAssemblies (513ms)
				LogAssemblyErrors (0ms)
				InitializePlatformSupportModulesInManaged (5ms)
				SetLoadedEditorAssemblies (0ms)
				RefreshPlugins (1ms)
				BeforeProcessingInitializeOnLoad (76ms)
				ProcessInitializeOnLoadAttributes (422ms)
				ProcessInitializeOnLoadMethodAttributes (3ms)
				AfterProcessingInitializeOnLoad (6ms)
				EditorAssembliesLoaded (0ms)
			ExecutionOrderSort2 (0ms)
			AwakeInstancesAfterBackupRestoration (20ms)
Platform modules already initialized, skipping
Shader 'Universal Render Pipeline/Particles/Lit': fallback shader 'Universal Render Pipeline/Particles/SimpleLit' not found
Refreshing native plugins compatible for Editor in 0.90 ms, found 2 plugins.
Preloading 0 native plugins for Editor in 0.00 ms.
Unloading 3041 Unused Serialized files (Serialized files now loaded: 0)
System memory in use before: 168.9 MB.
System memory in use after: 168.1 MB.

Unloading 36 unused Assets to reduce memory usage. Loaded Objects now: 4048.
Total: 5.247400 ms (FindLiveObjects: 0.606200 ms CreateObjectMapping: 0.383600 ms MarkObjects: 3.431900 ms  DeleteObjects: 0.824600 ms)

AssetImportParameters requested are different than current active one (requested -> active):
  custom:framework-win-MediaFoundation: 216162199b28c13a410421893ffa2e32 -> 
  custom:video-decoder-ogg-theora: a1e56fd34408186e4bbccfd4996cb3dc -> 
  custom:container-muxer-webm: aa71ff27fc2769a1b78a27578f13a17b -> 
  custom:container-demuxer-webm: 4f35f7cbe854078d1ac9338744f61a02 -> 
  custom:container-demuxer-ogg: 62fdf1f143b41e24485cea50d1cbac27 -> 
  custom:video-encoder-webm-vp8: eb34c28f22e8b96e1ab97ce403110664 -> 
  custom:video-decoder-webm-vp8: 9c59270c3fd7afecdb556c50c9e8de78 -> 
  custom:audio-decoder-ogg-vorbis: bf7c407c2cedff20999df2af8eb42d56 -> 
  custom:audio-encoder-webm-vorbis: bf7c407c2cedff20999df2af8eb42d56 -> 
========================================================================
Received Prepare
Registering precompiled user dll's ...
Registered in 0.003328 seconds.
Begin MonoManager ReloadAssembly
Native extension for WindowsStandalone target not found
Native extension for WebGL target not found
Refreshing native plugins compatible for Editor in 0.88 ms, found 2 plugins.
Preloading 0 native plugins for Editor in 0.00 ms.
Mono: successfully reloaded assembly
- Completed reload, in  1.278 seconds
Domain Reload Profiling:
	ReloadAssembly (1279ms)
		BeginReloadAssembly (126ms)
			ExecutionOrderSort (0ms)
			DisableScriptedObjects (7ms)
			BackupInstance (0ms)
			ReleaseScriptingObjects (0ms)
			CreateAndSetChildDomain (39ms)
		EndReloadAssembly (1098ms)
			LoadAssemblies (83ms)
			RebuildTransferFunctionScriptingTraits (0ms)
			SetupTypeCache (321ms)
			ReleaseScriptCaches (1ms)
			RebuildScriptCaches (45ms)
			SetupLoadedEditorAssemblies (500ms)
				LogAssemblyErrors (0ms)
				InitializePlatformSupportModulesInManaged (5ms)
				SetLoadedEditorAssemblies (0ms)
				RefreshPlugins (1ms)
				BeforeProcessingInitializeOnLoad (86ms)
				ProcessInitializeOnLoadAttributes (394ms)
				ProcessInitializeOnLoadMethodAttributes (3ms)
				AfterProcessingInitializeOnLoad (10ms)
				EditorAssembliesLoaded (0ms)
			ExecutionOrderSort2 (0ms)
			AwakeInstancesAfterBackupRestoration (23ms)
Platform modules already initialized, skipping
Shader 'Universal Render Pipeline/Particles/Lit': fallback shader 'Universal Render Pipeline/Particles/SimpleLit' not found
Refreshing native plugins compatible for Editor in 0.93 ms, found 2 plugins.
Preloading 0 native plugins for Editor in 0.00 ms.
Unloading 3041 Unused Serialized files (Serialized files now loaded: 0)
System memory in use before: 168.9 MB.
System memory in use after: 168.1 MB.

Unloading 36 unused Assets to reduce memory usage. Loaded Objects now: 4050.
Total: 6.006500 ms (FindLiveObjects: 0.605900 ms CreateObjectMapping: 0.358000 ms MarkObjects: 3.850000 ms  DeleteObjects: 1.191000 ms)

AssetImportParameters requested are different than current active one (requested -> active):
  custom:framework-win-MediaFoundation: 216162199b28c13a410421893ffa2e32 -> 
  custom:video-decoder-ogg-theora: a1e56fd34408186e4bbccfd4996cb3dc -> 
  custom:container-muxer-webm: aa71ff27fc2769a1b78a27578f13a17b -> 
  custom:container-demuxer-webm: 4f35f7cbe854078d1ac9338744f61a02 -> 
  custom:container-demuxer-ogg: 62fdf1f143b41e24485cea50d1cbac27 -> 
  custom:video-encoder-webm-vp8: eb34c28f22e8b96e1ab97ce403110664 -> 
  custom:video-decoder-webm-vp8: 9c59270c3fd7afecdb556c50c9e8de78 -> 
  custom:audio-decoder-ogg-vorbis: bf7c407c2cedff20999df2af8eb42d56 -> 
  custom:audio-encoder-webm-vorbis: bf7c407c2cedff20999df2af8eb42d56 -> 
========================================================================
Received Prepare
Registering precompiled user dll's ...
Registered in 0.003259 seconds.
Begin MonoManager ReloadAssembly
Native extension for WindowsStandalone target not found
Native extension for WebGL target not found
Refreshing native plugins compatible for Editor in 0.86 ms, found 2 plugins.
Preloading 0 native plugins for Editor in 0.00 ms.
Mono: successfully reloaded assembly
- Completed reload, in  1.251 seconds
Domain Reload Profiling:
	ReloadAssembly (1252ms)
		BeginReloadAssembly (113ms)
			ExecutionOrderSort (0ms)
			DisableScriptedObjects (5ms)
			BackupInstance (0ms)
			ReleaseScriptingObjects (0ms)
			CreateAndSetChildDomain (34ms)
		EndReloadAssembly (1084ms)
			LoadAssemblies (86ms)
			RebuildTransferFunctionScriptingTraits (0ms)
			SetupTypeCache (318ms)
			ReleaseScriptCaches (1ms)
			RebuildScriptCaches (64ms)
			SetupLoadedEditorAssemblies (481ms)
				LogAssemblyErrors (0ms)
				InitializePlatformSupportModulesInManaged (5ms)
				SetLoadedEditorAssemblies (0ms)
				RefreshPlugins (1ms)
				BeforeProcessingInitializeOnLoad (74ms)
				ProcessInitializeOnLoadAttributes (392ms)
				ProcessInitializeOnLoadMethodAttributes (3ms)
				AfterProcessingInitializeOnLoad (6ms)
				EditorAssembliesLoaded (0ms)
			ExecutionOrderSort2 (0ms)
			AwakeInstancesAfterBackupRestoration (18ms)
Platform modules already initialized, skipping
Shader 'Universal Render Pipeline/Particles/Lit': fallback shader 'Universal Render Pipeline/Particles/SimpleLit' not found
Refreshing native plugins compatible for Editor in 0.92 ms, found 2 plugins.
Preloading 0 native plugins for Editor in 0.00 ms.
Unloading 3041 Unused Serialized files (Serialized files now loaded: 0)
System memory in use before: 168.9 MB.
System memory in use after: 168.1 MB.

Unloading 36 unused Assets to reduce memory usage. Loaded Objects now: 4052.
Total: 5.265700 ms (FindLiveObjects: 0.512400 ms CreateObjectMapping: 0.343400 ms MarkObjects: 3.659900 ms  DeleteObjects: 0.748900 ms)

AssetImportParameters requested are different than current active one (requested -> active):
  custom:framework-win-MediaFoundation: 216162199b28c13a410421893ffa2e32 -> 
  custom:video-decoder-ogg-theora: a1e56fd34408186e4bbccfd4996cb3dc -> 
  custom:container-muxer-webm: aa71ff27fc2769a1b78a27578f13a17b -> 
  custom:container-demuxer-webm: 4f35f7cbe854078d1ac9338744f61a02 -> 
  custom:container-demuxer-ogg: 62fdf1f143b41e24485cea50d1cbac27 -> 
  custom:video-encoder-webm-vp8: eb34c28f22e8b96e1ab97ce403110664 -> 
  custom:video-decoder-webm-vp8: 9c59270c3fd7afecdb556c50c9e8de78 -> 
  custom:audio-decoder-ogg-vorbis: bf7c407c2cedff20999df2af8eb42d56 -> 
  custom:audio-encoder-webm-vorbis: bf7c407c2cedff20999df2af8eb42d56 -> 
========================================================================
Received Prepare
Registering precompiled user dll's ...
Registered in 0.005396 seconds.
Begin MonoManager ReloadAssembly
Native extension for WindowsStandalone target not found
Native extension for WebGL target not found
Refreshing native plugins compatible for Editor in 0.88 ms, found 2 plugins.
Preloading 0 native plugins for Editor in 0.00 ms.
Mono: successfully reloaded assembly
- Completed reload, in  1.292 seconds
Domain Reload Profiling:
	ReloadAssembly (1292ms)
		BeginReloadAssembly (112ms)
			ExecutionOrderSort (0ms)
			DisableScriptedObjects (5ms)
			BackupInstance (0ms)
			ReleaseScriptingObjects (0ms)
			CreateAndSetChildDomain (38ms)
		EndReloadAssembly (1125ms)
			LoadAssemblies (84ms)
			RebuildTransferFunctionScriptingTraits (0ms)
			SetupTypeCache (328ms)
			ReleaseScriptCaches (2ms)
			RebuildScriptCaches (56ms)
			SetupLoadedEditorAssemblies (505ms)
				LogAssemblyErrors (0ms)
				InitializePlatformSupportModulesInManaged (4ms)
				SetLoadedEditorAssemblies (0ms)
				RefreshPlugins (1ms)
				BeforeProcessingInitializeOnLoad (81ms)
				ProcessInitializeOnLoadAttributes (409ms)
				ProcessInitializeOnLoadMethodAttributes (3ms)
				AfterProcessingInitializeOnLoad (6ms)
				EditorAssembliesLoaded (0ms)
			ExecutionOrderSort2 (0ms)
			AwakeInstancesAfterBackupRestoration (19ms)
Platform modules already initialized, skipping
Shader 'Universal Render Pipeline/Particles/Lit': fallback shader 'Universal Render Pipeline/Particles/SimpleLit' not found
Refreshing native plugins compatible for Editor in 0.98 ms, found 2 plugins.
Preloading 0 native plugins for Editor in 0.00 ms.
Unloading 3041 Unused Serialized files (Serialized files now loaded: 0)
System memory in use before: 168.9 MB.
System memory in use after: 168.1 MB.

Unloading 36 unused Assets to reduce memory usage. Loaded Objects now: 4054.
Total: 4.549200 ms (FindLiveObjects: 0.374100 ms CreateObjectMapping: 0.250100 ms MarkObjects: 3.227900 ms  DeleteObjects: 0.695900 ms)

AssetImportParameters requested are different than current active one (requested -> active):
  custom:framework-win-MediaFoundation: 216162199b28c13a410421893ffa2e32 -> 
  custom:video-decoder-ogg-theora: a1e56fd34408186e4bbccfd4996cb3dc -> 
  custom:container-muxer-webm: aa71ff27fc2769a1b78a27578f13a17b -> 
  custom:container-demuxer-webm: 4f35f7cbe854078d1ac9338744f61a02 -> 
  custom:container-demuxer-ogg: 62fdf1f143b41e24485cea50d1cbac27 -> 
  custom:video-encoder-webm-vp8: eb34c28f22e8b96e1ab97ce403110664 -> 
  custom:video-decoder-webm-vp8: 9c59270c3fd7afecdb556c50c9e8de78 -> 
  custom:audio-decoder-ogg-vorbis: bf7c407c2cedff20999df2af8eb42d56 -> 
  custom:audio-encoder-webm-vorbis: bf7c407c2cedff20999df2af8eb42d56 -> 
AssetImportWorkerClient::OnTransportError - code=2 error=End of file
